#
# A fatal error has been detected by the Java Runtime Environment:
#
#  EXCEPTION_ACCESS_VIOLATION (0xc0000005) at pc=0x00007ffc02d2a0b9, pid=16336, tid=21680
#
# JRE version: Java(TM) SE Runtime Environment (16.0.2+7) (build 16.0.2+7-67)
# Java VM: Java HotSpot(TM) 64-Bit Server VM (16.0.2+7-67, mixed mode, sharing, tiered, compressed oops, compressed class ptrs, g1 gc, windows-amd64)
# Problematic frame:
# C  [atio6axx.dll+0x2daa0b9]
#
# No core dump will be written. Minidumps are not enabled by default on client versions of Windows
#
# If you would like to submit a bug report, please visit:
#   https://bugreport.java.com/bugreport/crash.jsp
# The crash happened outside the Java Virtual Machine in native code.
# See problematic frame for where to report the bug.
#

---------------  S U M M A R Y ------------

Command Line: -Dcompose.application.configure.swing.globals=true -Dcompose.application.resources.dir=C:\repo\meteor-klient\build\compose\tmp\main\resources -Xverify:none --add-exports=java.base/java.lang=ALL-UNNAMED --add-exports=java.desktop/sun.awt=ALL-UNNAMED --add-exports=java.desktop/sun.java2d=ALL-UNNAMED -Dfile.encoding=windows-1252 -Duser.country=US -Duser.language=en -Duser.variant Main

Host: AMD Ryzen 5 3400G with Radeon Vega Graphics    , 8 cores, 29G,  Windows 10 , 64 bit Build 21996 (10.0.21996.1)
Time: Mon Jan  3 04:25:34 2022 US Eastern Standard Time elapsed time: 25.368516 seconds (0d 0h 0m 25s)

---------------  T H R E A D  ---------------

Current thread (0x00000191c8855190):  JavaThread "pool-2-thread-1" [_thread_in_native, id=21680, stack(0x0000004abb200000,0x0000004abb300000)]

Stack: [0x0000004abb200000,0x0000004abb300000],  sp=0x0000004abb2fe548,  free space=1017k
Native frames: (J=compiled Java code, j=interpreted, Vv=VM code, C=native code)
C  [atio6axx.dll+0x2daa0b9]

Java frames: (J=compiled Java code, j=interpreted, Vv=VM code)
J 4361  jogamp.opengl.gl4.GL4bcImpl.dispatch_glBindBuffer1(IIJ)V (0 bytes) @ 0x00000191aa344870 [0x00000191aa344820+0x0000000000000050]
J 4418 c1 jogamp.opengl.gl4.GL4bcImpl.glBindBuffer(II)V (54 bytes) @ 0x00000191a34f05c4 [0x00000191a34efda0+0x0000000000000824]
j  rs117.hd.GpuHDPlugin.updateBuffer(Lrs117/hd/GLBuffer;IILjava/nio/Buffer;IJ)V+9
j  rs117.hd.GpuHDPlugin.uploadScene()V+119
j  rs117.hd.GpuHDPlugin$$Lambda$241+0x0000000801090000.run()V+4
J 4501 c1 rs117.hd.GpuHDPlugin.invokeOnMainThread(Ljava/lang/Runnable;)V (25 bytes) @ 0x00000191a354ba74 [0x00000191a354b940+0x0000000000000134]
j  rs117.hd.GpuHDPlugin.lambda$onGameStateChanged$9(Ljava/lang/Object;)Lkotlin/Unit;+40
j  rs117.hd.GpuHDPlugin$$Lambda$184+0x0000000800ecdb98.invoke(Ljava/lang/Object;)Ljava/lang/Object;+5
J 4793 c1 meteor.eventbus.EventBus$subscribe$1$1$1.invokeSuspend(Ljava/lang/Object;)Ljava/lang/Object; (60 bytes) @ 0x00000191a35fea14 [0x00000191a35fe700+0x0000000000000314]
J 4900 c1 kotlin.coroutines.jvm.internal.BaseContinuationImpl.resumeWith(Ljava/lang/Object;)V (142 bytes) @ 0x00000191a364ee9c [0x00000191a364eb40+0x000000000000035c]
J 4170 c1 kotlinx.coroutines.internal.DispatchedContinuationKt.resumeCancellableWith(Lkotlin/coroutines/Continuation;Ljava/lang/Object;Lkotlin/jvm/functions/Function1;)V (489 bytes) @ 0x00000191a3454d44 [0x00000191a3453320+0x0000000000001a24]
J 4180 c1 kotlinx.coroutines.intrinsics.CancellableKt.startCoroutineCancellable(Lkotlin/jvm/functions/Function2;Ljava/lang/Object;Lkotlin/coroutines/Continuation;Lkotlin/jvm/functions/Function1;)V (52 bytes) @ 0x00000191a345de94 [0x00000191a345dda0+0x00000000000000f4]
J 4556 c1 kotlinx.coroutines.BuildersKt__Builders_commonKt.withContext(Lkotlin/coroutines/CoroutineContext;Lkotlin/jvm/functions/Function2;Lkotlin/coroutines/Continuation;)Ljava/lang/Object; (203 bytes) @ 0x00000191a3573bfc [0x00000191a3572de0+0x0000000000000e1c]
J 4791 c1 meteor.eventbus.EventBus$subscribe$1$invokeSuspend$$inlined$collect$1.emit(Ljava/lang/Object;Lkotlin/coroutines/Continuation;)Ljava/lang/Object; (87 bytes) @ 0x00000191a35fd38c [0x00000191a35fcd40+0x000000000000064c]
J 4536 c1 kotlinx.coroutines.flow.FlowKt__ChannelsKt.emitAllImpl$FlowKt__ChannelsKt(Lkotlinx/coroutines/flow/FlowCollector;Lkotlinx/coroutines/channels/ReceiveChannel;ZLkotlin/coroutines/Continuation;)Ljava/lang/Object; (393 bytes) @ 0x00000191a3563d34 [0x00000191a3562100+0x0000000000001c34]
J 4568 c1 kotlinx.coroutines.flow.FlowKt__ChannelsKt$emitAllImpl$1.invokeSuspend(Ljava/lang/Object;)Ljava/lang/Object; (27 bytes) @ 0x00000191a357b2cc [0x00000191a357b1c0+0x000000000000010c]
J 4900 c1 kotlin.coroutines.jvm.internal.BaseContinuationImpl.resumeWith(Ljava/lang/Object;)V (142 bytes) @ 0x00000191a364ee9c [0x00000191a364eb40+0x000000000000035c]
J 4146 c1 kotlinx.coroutines.DispatchedTask.run()V (658 bytes) @ 0x00000191a343cc0c [0x00000191a343bb20+0x00000000000010ec]
j  java.util.concurrent.ThreadPoolExecutor.runWorker(Ljava/util/concurrent/ThreadPoolExecutor$Worker;)V+92 java.base@16.0.2
j  java.util.concurrent.ThreadPoolExecutor$Worker.run()V+5 java.base@16.0.2
j  java.lang.Thread.run()V+11 java.base@16.0.2
v  ~StubRoutines::call_stub

siginfo: EXCEPTION_ACCESS_VIOLATION (0xc0000005), reading address 0x0000000000000df8


Register to memory mapping:

RIP=0x00007ffc02d2a0b9 atio6axx.dll
RAX=0x0 is NULL
RBX=0x0000000000000005 is an unknown value
RCX=0x0000000000008892 is an unknown value
RDX=0x0000000000000005 is an unknown value
RSP=0x0000004abb2fe548 is pointing into the stack for thread: 0x00000191c8855190
RBP=0x0000004abb2fe5b0 is pointing into the stack for thread: 0x00000191c8855190
RSI=0x0000000000008892 is an unknown value
RDI=0x00007ffc02b466f0 atio6axx.dll
R8 =0x0000000000008892 is an unknown value
R9 =0x0000000000000005 is an unknown value
R10=0x0000000064516b90 jogl_desktop.dll
R11=0x00000191a34efdc0 is at entry_point+32 in (nmethod*)0x00000191a34efb10
R12=0x0 is NULL
R13=0x0000004abb2fe6d8 is pointing into the stack for thread: 0x00000191c8855190
R14=0x0000000800fe00b8 is pointing into metadata
R15=0x00000191c8855190 is a thread


Registers:
RAX=0x0000000000000000, RBX=0x0000000000000005, RCX=0x0000000000008892, RDX=0x0000000000000005
RSP=0x0000004abb2fe548, RBP=0x0000004abb2fe5b0, RSI=0x0000000000008892, RDI=0x00007ffc02b466f0
R8 =0x0000000000008892, R9 =0x0000000000000005, R10=0x0000000064516b90, R11=0x00000191a34efdc0
R12=0x0000000000000000, R13=0x0000004abb2fe6d8, R14=0x0000000800fe00b8, R15=0x00000191c8855190
RIP=0x00007ffc02d2a0b9, EFLAGS=0x0000000000010246

Top of Stack: (sp=0x0000004abb2fe548)
0x0000004abb2fe548:   00000191aa344910 0000000000000000
0x0000004abb2fe558:   0000000000000000 00000191cbe5762e
0x0000004abb2fe568:   00000191c8855190 00007ffc02b466f0
0x0000004abb2fe578:   0000000622828e58 00000000000003a2
0x0000004abb2fe588:   00000000000000b6 0000004abb2fe6a0
0x0000004abb2fe598:   00007ffbf5ba9338 00000191d123c040
0x0000004abb2fe5a8:   0000000000000000 0000004abb2fe738
0x0000004abb2fe5b8:   00000191a34f05c4 0000004abb2fe668
0x0000004abb2fe5c8:   0000004abb2fe668 00000191a260f00a
0x0000004abb2fe5d8:   00000191a25f8e10 0000019100000000
0x0000004abb2fe5e8:   0000004abb2fe6b8 00009ad9bd88f0d2
0x0000004abb2fe5f8:   00000191a373907b 0000004abb2fe780
0x0000004abb2fe608:   000000000000008e 00000191c8855190
0x0000004abb2fe618:   00000191c8855190 0000000000000000
0x0000004abb2fe628:   0000004abb2fe6a0 0000004abb2fe780
0x0000004abb2fe638:   00007ffbf5e4fbc4 00000191f98981b0 

Instructions: (pc=0x00007ffc02d2a0b9)
0x00007ffc02d29fb9:   ff a0 78 0d 00 00 90 65 48 8b 04 25 48 16 00 00
0x00007ffc02d29fc9:   ff a0 80 0d 00 00 90 65 48 8b 04 25 48 16 00 00
0x00007ffc02d29fd9:   ff a0 88 0d 00 00 90 65 48 8b 04 25 48 16 00 00
0x00007ffc02d29fe9:   ff a0 90 0d 00 00 90 65 48 8b 04 25 48 16 00 00
0x00007ffc02d29ff9:   ff a0 98 0d 00 00 90 65 48 8b 04 25 48 16 00 00
0x00007ffc02d2a009:   ff a0 a0 0d 00 00 90 65 48 8b 04 25 48 16 00 00
0x00007ffc02d2a019:   ff a0 a8 0d 00 00 90 65 48 8b 04 25 48 16 00 00
0x00007ffc02d2a029:   ff a0 b0 0d 00 00 90 65 48 8b 04 25 48 16 00 00
0x00007ffc02d2a039:   ff a0 b8 0d 00 00 90 65 48 8b 04 25 48 16 00 00
0x00007ffc02d2a049:   ff a0 c0 0d 00 00 90 65 48 8b 04 25 48 16 00 00
0x00007ffc02d2a059:   ff a0 c8 0d 00 00 90 65 48 8b 04 25 48 16 00 00
0x00007ffc02d2a069:   ff a0 d0 0d 00 00 90 65 48 8b 04 25 48 16 00 00
0x00007ffc02d2a079:   ff a0 d8 0d 00 00 90 65 48 8b 04 25 48 16 00 00
0x00007ffc02d2a089:   ff a0 e0 0d 00 00 90 65 48 8b 04 25 48 16 00 00
0x00007ffc02d2a099:   ff a0 e8 0d 00 00 90 65 48 8b 04 25 48 16 00 00
0x00007ffc02d2a0a9:   ff a0 f0 0d 00 00 90 65 48 8b 04 25 48 16 00 00
0x00007ffc02d2a0b9:   ff a0 f8 0d 00 00 90 65 48 8b 04 25 48 16 00 00
0x00007ffc02d2a0c9:   ff a0 00 0e 00 00 90 65 48 8b 04 25 48 16 00 00
0x00007ffc02d2a0d9:   ff a0 08 0e 00 00 90 65 48 8b 04 25 48 16 00 00
0x00007ffc02d2a0e9:   ff a0 10 0e 00 00 90 65 48 8b 04 25 48 16 00 00
0x00007ffc02d2a0f9:   ff a0 18 0e 00 00 90 65 48 8b 04 25 48 16 00 00
0x00007ffc02d2a109:   ff a0 20 0e 00 00 90 65 48 8b 04 25 48 16 00 00
0x00007ffc02d2a119:   ff a0 28 0e 00 00 90 65 48 8b 04 25 48 16 00 00
0x00007ffc02d2a129:   ff a0 30 0e 00 00 90 65 48 8b 04 25 48 16 00 00
0x00007ffc02d2a139:   ff a0 38 0e 00 00 90 65 48 8b 04 25 48 16 00 00
0x00007ffc02d2a149:   ff a0 40 0e 00 00 90 65 48 8b 04 25 48 16 00 00
0x00007ffc02d2a159:   ff a0 48 0e 00 00 90 65 48 8b 04 25 48 16 00 00
0x00007ffc02d2a169:   ff a0 50 0e 00 00 90 65 48 8b 04 25 48 16 00 00
0x00007ffc02d2a179:   ff a0 58 0e 00 00 90 65 48 8b 04 25 48 16 00 00
0x00007ffc02d2a189:   ff a0 60 0e 00 00 90 65 48 8b 04 25 48 16 00 00
0x00007ffc02d2a199:   ff a0 68 0e 00 00 90 65 48 8b 04 25 48 16 00 00
0x00007ffc02d2a1a9:   ff a0 70 0e 00 00 90 65 48 8b 04 25 48 16 00 00 


Stack slot to memory mapping:
stack at sp + 0 slots: 0x00000191aa344910 is at entry_point+240 in (nmethod*)0x00000191aa344690
stack at sp + 1 slots: 0x0 is NULL
stack at sp + 2 slots: 0x0 is NULL
stack at sp + 3 slots: 0x00000191cbe5762e is pointing into metadata
stack at sp + 4 slots: 0x00000191c8855190 is a thread
stack at sp + 5 slots: 0x00007ffc02b466f0 atio6axx.dll
stack at sp + 6 slots: 0x0000000622828e58 is an oop: jogamp.opengl.gl4.GL4bcImpl 
{0x0000000622828e58} - klass: 'jogamp/opengl/gl4/GL4bcImpl'
stack at sp + 7 slots: 0x00000000000003a2 is an unknown value


---------------  P R O C E S S  ---------------

Threads class SMR info:
_java_thread_list=0x00000191f4b4d8f0, length=83, elements={
0x00000191996b65b0, 0x00000191c67b0750, 0x00000191c67b21c0, 0x00000191c67ca7b0,
0x00000191c67cbcf0, 0x00000191c67cd230, 0x00000191c67c9d10, 0x00000191c71170d0,
0x00000191c711a370, 0x00000191c711b550, 0x00000191c67cb250, 0x00000191c67ca260,
0x00000191c67cad00, 0x00000191c67cc240, 0x00000191c8856180, 0x00000191c88586b0,
0x00000191c8855190, 0x00000191c88576c0, 0x00000191c8857170, 0x00000191c88531b0,
0x00000191c8859150, 0x00000191c8852710, 0x00000191c8852c60, 0x00000191c88546f0,
0x00000191c88566d0, 0x00000191c8858c00, 0x00000191c8854c40, 0x00000191c88596a0,
0x00000191c8851c70, 0x00000191c8858160, 0x00000191c88521c0, 0x00000191c8853700,
0x00000191c88541a0, 0x00000191c88556e0, 0x00000191c8855c30, 0x00000191c84588f0,
0x00000191c845d8a0, 0x00000191c8457900, 0x00000191c845e340, 0x00000191c84573b0,
0x00000191c845ae20, 0x00000191c845ce00, 0x00000191c8458e40, 0x00000191c845d350,
0x00000191c845ddf0, 0x00000191c845e890, 0x00000191c84598e0, 0x00000191c8457e50,
0x00000191c8459390, 0x00000191c845a380, 0x00000191c845b8c0, 0x00000191c845c360,
0x00000191c845c8b0, 0x00000191c8853c50, 0x00000191c960f8d0, 0x00000191c9609930,
0x00000191c960b910, 0x00000191c9610370, 0x00000191c960a3d0, 0x00000191c960a920,
0x00000191c9608940, 0x00000191c960ee30, 0x00000191c960ae70, 0x00000191f48e6c90,
0x00000191c960b3c0, 0x00000191f48e02e0, 0x00000191c960d3a0, 0x00000191c960be60,
0x00000191c960c900, 0x00000191c960ce50, 0x00000191c960d8f0, 0x00000191c960f380,
0x00000191f4ee4cf0, 0x00000191f4edfd40, 0x00000191f4ee4250, 0x00000191f4ee6230,
0x00000191f4ee6780, 0x00000191f4ee47a0, 0x00000191f4ee0d30, 0x00000191f4ee7220,
0x00000191f4ee3d00, 0x00000191f35a6570, 0x00000191f35a6020
}

Java Threads: ( => current thread )
  0x00000191996b65b0 JavaThread "main" [_thread_blocked, id=22448, stack(0x0000004ab8d00000,0x0000004ab8e00000)]
  0x00000191c67b0750 JavaThread "Reference Handler" daemon [_thread_blocked, id=8272, stack(0x0000004ab9400000,0x0000004ab9500000)]
  0x00000191c67b21c0 JavaThread "Finalizer" daemon [_thread_blocked, id=21864, stack(0x0000004ab9500000,0x0000004ab9600000)]
  0x00000191c67ca7b0 JavaThread "Signal Dispatcher" daemon [_thread_blocked, id=17236, stack(0x0000004ab9600000,0x0000004ab9700000)]
  0x00000191c67cbcf0 JavaThread "Attach Listener" daemon [_thread_blocked, id=17116, stack(0x0000004ab9700000,0x0000004ab9800000)]
  0x00000191c67cd230 JavaThread "Service Thread" daemon [_thread_blocked, id=13004, stack(0x0000004ab9800000,0x0000004ab9900000)]
  0x00000191c67c9d10 JavaThread "Monitor Deflation Thread" daemon [_thread_blocked, id=6508, stack(0x0000004ab9900000,0x0000004ab9a00000)]
  0x00000191c71170d0 JavaThread "C2 CompilerThread0" daemon [_thread_in_native, id=19284, stack(0x0000004ab9a00000,0x0000004ab9b00000)]
  0x00000191c711a370 JavaThread "C1 CompilerThread0" daemon [_thread_blocked, id=22352, stack(0x0000004ab9b00000,0x0000004ab9c00000)]
  0x00000191c711b550 JavaThread "Sweeper thread" daemon [_thread_blocked, id=23072, stack(0x0000004ab9c00000,0x0000004ab9d00000)]
  0x00000191c67cb250 JavaThread "Common-Cleaner" daemon [_thread_blocked, id=556, stack(0x0000004ab9d00000,0x0000004ab9e00000)]
  0x00000191c67ca260 JavaThread "Notification Thread" daemon [_thread_blocked, id=19432, stack(0x0000004ab9e00000,0x0000004ab9f00000)]
  0x00000191c67cad00 JavaThread "Java2D Disposer" daemon [_thread_blocked, id=15156, stack(0x0000004aba200000,0x0000004aba300000)]
  0x00000191c67cc240 JavaThread "AWT-Windows" daemon [_thread_in_native, id=8316, stack(0x0000004abae00000,0x0000004abaf00000)]
  0x00000191c8856180 JavaThread "OkHttp ConnectionPool" daemon [_thread_blocked, id=17336, stack(0x0000004abad00000,0x0000004abae00000)]
  0x00000191c88586b0 JavaThread "Okio Watchdog" daemon [_thread_blocked, id=22568, stack(0x0000004abaf00000,0x0000004abb000000)]
=>0x00000191c8855190 JavaThread "pool-2-thread-1" [_thread_in_native, id=21680, stack(0x0000004abb200000,0x0000004abb300000)]
  0x00000191c88576c0 JavaThread "pool-3-thread-1" [_thread_blocked, id=20312, stack(0x0000004abb300000,0x0000004abb400000)]
  0x00000191c8857170 JavaThread "DefaultDispatcher-worker-1" daemon [_thread_blocked, id=21552, stack(0x0000004abb400000,0x0000004abb500000)]
  0x00000191c88531b0 JavaThread "DefaultDispatcher-worker-2" daemon [_thread_blocked, id=22620, stack(0x0000004abb500000,0x0000004abb600000)]
  0x00000191c8859150 JavaThread "DefaultDispatcher-worker-3" daemon [_thread_blocked, id=13380, stack(0x0000004abb600000,0x0000004abb700000)]
  0x00000191c8852710 JavaThread "Cleaner-0" daemon [_thread_blocked, id=1940, stack(0x0000004abb700000,0x0000004abb800000)]
  0x00000191c8852c60 JavaThread "kotlinx.coroutines.DefaultExecutor" daemon [_thread_blocked, id=12936, stack(0x0000004abb800000,0x0000004abb900000)]
  0x00000191c88546f0 JavaThread "AWT-Shutdown" [_thread_blocked, id=20984, stack(0x0000004abb900000,0x0000004abba00000)]
  0x00000191c88566d0 JavaThread "AWT-EventQueue-0" [_thread_blocked, id=17044, stack(0x0000004abba00000,0x0000004abbb00000)]
  0x00000191c8858c00 JavaThread "pool-5-thread-1" [_thread_blocked, id=2180, stack(0x0000004abc500000,0x0000004abc600000)]
  0x00000191c8854c40 JavaThread "pool-6-thread-1" [_thread_blocked, id=23524, stack(0x0000004abc600000,0x0000004abc700000)]
  0x00000191c88596a0 JavaThread "pool-7-thread-1" [_thread_blocked, id=3044, stack(0x0000004abc700000,0x0000004abc800000)]
  0x00000191c8851c70 JavaThread "pool-8-thread-1" [_thread_blocked, id=2988, stack(0x0000004abc800000,0x0000004abc900000)]
  0x00000191c8858160 JavaThread "pool-9-thread-1" [_thread_blocked, id=20716, stack(0x0000004abc900000,0x0000004abca00000)]
  0x00000191c88521c0 JavaThread "pool-10-thread-1" [_thread_blocked, id=22328, stack(0x0000004abc400000,0x0000004abc500000)]
  0x00000191c8853700 JavaThread "pool-11-thread-1" [_thread_blocked, id=23464, stack(0x0000004abca00000,0x0000004abcb00000)]
  0x00000191c88541a0 JavaThread "pool-12-thread-1" [_thread_blocked, id=16452, stack(0x0000004abcb00000,0x0000004abcc00000)]
  0x00000191c88556e0 JavaThread "pool-13-thread-1" [_thread_blocked, id=10444, stack(0x0000004abcc00000,0x0000004abcd00000)]
  0x00000191c8855c30 JavaThread "pool-14-thread-1" [_thread_blocked, id=22240, stack(0x0000004abcd00000,0x0000004abce00000)]
  0x00000191c84588f0 JavaThread "pool-15-thread-1" [_thread_blocked, id=17144, stack(0x0000004abce00000,0x0000004abcf00000)]
  0x00000191c845d8a0 JavaThread "pool-16-thread-1" [_thread_blocked, id=21420, stack(0x0000004abcf00000,0x0000004abd000000)]
  0x00000191c8457900 JavaThread "pool-17-thread-1" [_thread_blocked, id=19740, stack(0x0000004abd000000,0x0000004abd100000)]
  0x00000191c845e340 JavaThread "pool-18-thread-1" [_thread_blocked, id=18484, stack(0x0000004abd100000,0x0000004abd200000)]
  0x00000191c84573b0 JavaThread "pool-19-thread-1" [_thread_blocked, id=21108, stack(0x0000004abd200000,0x0000004abd300000)]
  0x00000191c845ae20 JavaThread "pool-20-thread-1" [_thread_blocked, id=13092, stack(0x0000004abd300000,0x0000004abd400000)]
  0x00000191c845ce00 JavaThread "pool-21-thread-1" [_thread_blocked, id=3156, stack(0x0000004abd400000,0x0000004abd500000)]
  0x00000191c8458e40 JavaThread "pool-22-thread-1" [_thread_blocked, id=19604, stack(0x0000004abd500000,0x0000004abd600000)]
  0x00000191c845d350 JavaThread "pool-23-thread-1" [_thread_blocked, id=5392, stack(0x0000004abd600000,0x0000004abd700000)]
  0x00000191c845ddf0 JavaThread "D3D Screen Updater" daemon [_thread_blocked, id=21500, stack(0x0000004abb100000,0x0000004abb200000)]
  0x00000191c845e890 JavaThread "pool-24-thread-1" [_thread_blocked, id=8260, stack(0x0000004abd700000,0x0000004abd800000)]
  0x00000191c84598e0 JavaThread "Thread-8" daemon [_thread_blocked, id=22632, stack(0x0000004abd800000,0x0000004abd900000)]
  0x00000191c8457e50 JavaThread "Client" daemon [_thread_in_Java, id=1572, stack(0x0000004abd900000,0x0000004abda00000)]
  0x00000191c8459390 JavaThread "Thread-10" daemon [_thread_blocked, id=20080, stack(0x0000004abda00000,0x0000004abdb00000)]
  0x00000191c845a380 JavaThread "Client-SharedResourceRunner" daemon [_thread_blocked, id=18624, stack(0x0000004abdc00000,0x0000004abdd00000)]
  0x00000191c845b8c0 JavaThread "pool-25-thread-1" [_thread_blocked, id=23004, stack(0x0000004abe000000,0x0000004abe100000)]
  0x00000191c845c360 JavaThread "Thread-13" daemon [_thread_in_native, id=12832, stack(0x0000004abdb00000,0x0000004abdc00000)]
  0x00000191c845c8b0 JavaThread "Thread-14" daemon [_thread_blocked, id=21356, stack(0x0000004abe100000,0x0000004abe200000)]
  0x00000191c8853c50 JavaThread "Thread-15" daemon [_thread_blocked, id=17592, stack(0x0000004abe200000,0x0000004abe300000)]
  0x00000191c960f8d0 JavaThread "Java Sound Event Dispatcher" daemon [_thread_blocked, id=6368, stack(0x0000004abe500000,0x0000004abe600000)]
  0x00000191c9609930 JavaThread "pool-26-thread-1" [_thread_blocked, id=23012, stack(0x0000004abe800000,0x0000004abe900000)]
  0x00000191c960b910 JavaThread "Thread-16" daemon [_thread_blocked, id=3140, stack(0x0000004aba000000,0x0000004aba100000)]
  0x00000191c9610370 JavaThread "pool-27-thread-1" [_thread_blocked, id=2416, stack(0x0000004abea00000,0x0000004abeb00000)]
  0x00000191c960a3d0 JavaThread "Thread-17" daemon [_thread_in_native, id=6920, stack(0x0000004abb000000,0x0000004abb100000)]
  0x00000191c960a920 JavaThread "Thread-18" daemon [_thread_blocked, id=16164, stack(0x0000004abeb00000,0x0000004abec00000)]
  0x00000191c9608940 JavaThread "pool-28-thread-1" [_thread_blocked, id=16852, stack(0x0000004abec00000,0x0000004abed00000)]
  0x00000191c960ee30 JavaThread "pool-30-thread-1" [_thread_blocked, id=15068, stack(0x0000004abed00000,0x0000004abee00000)]
  0x00000191c960ae70 JavaThread "pool-31-thread-1" [_thread_blocked, id=20792, stack(0x0000004abee00000,0x0000004abef00000)]
  0x00000191f48e6c90 JavaThread "C2 CompilerThread1" daemon [_thread_in_native, id=6296, stack(0x0000004abef00000,0x0000004abf000000)]
  0x00000191c960b3c0 JavaThread "pool-32-thread-1" [_thread_blocked, id=15712, stack(0x0000004abf000000,0x0000004abf100000)]
  0x00000191f48e02e0 JavaThread "C2 CompilerThread2" daemon [_thread_in_native, id=1340, stack(0x0000004abf100000,0x0000004abf200000)]
  0x00000191c960d3a0 JavaThread "pool-33-thread-1" [_thread_blocked, id=3020, stack(0x0000004abf200000,0x0000004abf300000)]
  0x00000191c960be60 JavaThread "pool-34-thread-1" [_thread_blocked, id=9964, stack(0x0000004abf300000,0x0000004abf400000)]
  0x00000191c960c900 JavaThread "pool-35-thread-1" [_thread_blocked, id=15864, stack(0x0000004abf400000,0x0000004abf500000)]
  0x00000191c960ce50 JavaThread "pool-36-thread-1" [_thread_blocked, id=15188, stack(0x0000004abf500000,0x0000004abf600000)]
  0x00000191c960d8f0 JavaThread "pool-37-thread-1" [_thread_blocked, id=9452, stack(0x0000004abf600000,0x0000004abf700000)]
  0x00000191c960f380 JavaThread "pool-38-thread-1" [_thread_blocked, id=8136, stack(0x0000004abf700000,0x0000004abf800000)]
  0x00000191f4ee4cf0 JavaThread "pool-39-thread-1" [_thread_blocked, id=22080, stack(0x0000004abf800000,0x0000004abf900000)]
  0x00000191f4edfd40 JavaThread "pool-40-thread-1" [_thread_blocked, id=22984, stack(0x0000004abf900000,0x0000004abfa00000)]
  0x00000191f4ee4250 JavaThread "pool-41-thread-1" [_thread_blocked, id=6740, stack(0x0000004abfa00000,0x0000004abfb00000)]
  0x00000191f4ee6230 JavaThread "pool-42-thread-1" [_thread_blocked, id=4892, stack(0x0000004abfb00000,0x0000004abfc00000)]
  0x00000191f4ee6780 JavaThread "pool-43-thread-1" [_thread_blocked, id=16200, stack(0x0000004abfc00000,0x0000004abfd00000)]
  0x00000191f4ee47a0 JavaThread "pool-44-thread-1" [_thread_blocked, id=8608, stack(0x0000004abfd00000,0x0000004abfe00000)]
  0x00000191f4ee0d30 JavaThread "pool-45-thread-1" [_thread_blocked, id=1204, stack(0x0000004abfe00000,0x0000004abff00000)]
  0x00000191f4ee7220 JavaThread "pool-46-thread-1" [_thread_blocked, id=20608, stack(0x0000004abff00000,0x0000004ac0000000)]
  0x00000191f4ee3d00 JavaThread "pool-47-thread-1" [_thread_blocked, id=884, stack(0x0000004ac0000000,0x0000004ac0100000)]
  0x00000191f35a6570 JavaThread "pool-48-thread-1" [_thread_blocked, id=1692, stack(0x0000004ac0100000,0x0000004ac0200000)]
  0x00000191f35a6020 JavaThread "pool-49-thread-1" [_thread_blocked, id=21928, stack(0x0000004ac0200000,0x0000004ac0300000)]

Other Threads:
  0x00000191c67ab460 VMThread "VM Thread" [stack: 0x0000004ab9300000,0x0000004ab9400000] [id=19088]
  0x00000191c7275c80 WatcherThread [stack: 0x0000004ab9f00000,0x0000004aba000000] [id=3900]
  0x0000019199725980 GCTaskThread "GC Thread#0" [stack: 0x0000004ab8e00000,0x0000004ab8f00000] [id=22192]
  0x00000191c854b180 GCTaskThread "GC Thread#1" [stack: 0x0000004aba300000,0x0000004aba400000] [id=7840]
  0x00000191c854b490 GCTaskThread "GC Thread#2" [stack: 0x0000004aba400000,0x0000004aba500000] [id=6960]
  0x00000191c9270080 GCTaskThread "GC Thread#3" [stack: 0x0000004aba500000,0x0000004aba600000] [id=22316]
  0x00000191c811cca0 GCTaskThread "GC Thread#4" [stack: 0x0000004aba600000,0x0000004aba700000] [id=8016]
  0x00000191c811d1c0 GCTaskThread "GC Thread#5" [stack: 0x0000004aba700000,0x0000004aba800000] [id=15600]
  0x00000191c7a82b80 GCTaskThread "GC Thread#6" [stack: 0x0000004aba800000,0x0000004aba900000] [id=19684]
  0x00000191c7a82e90 GCTaskThread "GC Thread#7" [stack: 0x0000004aba900000,0x0000004abaa00000] [id=12912]
  0x0000019199735a10 ConcurrentGCThread "G1 Main Marker" [stack: 0x0000004ab8f00000,0x0000004ab9000000] [id=18652]
  0x0000019199738c40 ConcurrentGCThread "G1 Conc#0" [stack: 0x0000004ab9000000,0x0000004ab9100000] [id=332]
  0x00000191c936f2f0 ConcurrentGCThread "G1 Conc#1" [stack: 0x0000004abc300000,0x0000004abc400000] [id=22652]
  0x000001919977dc60 ConcurrentGCThread "G1 Refine#0" [stack: 0x0000004ab9100000,0x0000004ab9200000] [id=19288]
  0x00000191c7b74a00 ConcurrentGCThread "G1 Refine#1" [stack: 0x0000004abaa00000,0x0000004abab00000] [id=4604]
  0x00000191c832fc00 ConcurrentGCThread "G1 Refine#2" [stack: 0x0000004abab00000,0x0000004abac00000] [id=20924]
  0x00000191c7ad7ac0 ConcurrentGCThread "G1 Refine#3" [stack: 0x0000004abac00000,0x0000004abad00000] [id=5492]
  0x000001919977e6e0 ConcurrentGCThread "G1 Service" [stack: 0x0000004ab9200000,0x0000004ab9300000] [id=17488]

Threads with active compile tasks:
C2 CompilerThread0    25514 6190 % !   4       osrs.Client::copy$runScript @ 491 (3498 bytes)
C2 CompilerThread1    25514 5546 %     4       osrs.ModelData::copy$toModel @ 425 (1556 bytes)
C2 CompilerThread2    25514 6212   !   4       java.util.concurrent.ThreadPoolExecutor::getTask (177 bytes)

VM state: not at safepoint (normal execution)

VM Mutex/Monitor currently owned by a thread: None

Heap address: 0x0000000621400000, size: 7660 MB, Compressed Oops mode: Zero based, Oop shift amount: 3

CDS archive(s) mapped at: [0x0000000800000000-0x0000000800bb0000-0x0000000800bb0000), size 12255232, SharedBaseAddress: 0x0000000800000000, ArchiveRelocationMode: 0.
Compressed class space mapped at: 0x0000000800c00000-0x0000000840c00000, reserved size: 1073741824
Narrow klass base: 0x0000000800000000, Narrow klass shift: 3, Narrow klass range: 0x100000000

GC Precious Log:
 CPUs: 8 total, 8 available
 Memory: 30629M
 Large Page Support: Disabled
 NUMA Support: Disabled
 Compressed Oops: Enabled (Zero based)
 Heap Region Size: 4M
 Heap Min Capacity: 8M
 Heap Initial Capacity: 480M
 Heap Max Capacity: 7660M
 Pre-touch: Disabled
 Parallel Workers: 8
 Concurrent Workers: 2
 Concurrent Refinement Workers: 8
 Periodic GC: Disabled

Heap:
 garbage-first heap   total 479232K, used 188975K [0x0000000621400000, 0x0000000800000000)
  region size 4096K, 13 young (53248K), 2 survivors (8192K)
 Metaspace       used 45897K, committed 46144K, reserved 1097728K
  class space    used 4645K, committed 4736K, reserved 1048576K

Heap Regions: E=young(eden), S=young(survivor), O=old, HS=humongous(starts), HC=humongous(continues), CS=collection set, F=free, OA=open archive, CA=closed archive, TAMS=top-at-mark-start (previous, next)
|   0|0x0000000621400000, 0x0000000621800000, 0x0000000621800000|100%|HS|  |TAMS 0x0000000621800000, 0x0000000621400000| Complete 
|   1|0x0000000621800000, 0x0000000621c00000, 0x0000000621c00000|100%|HC|  |TAMS 0x0000000621c00000, 0x0000000621800000| Complete 
|   2|0x0000000621c00000, 0x0000000622000000, 0x0000000622000000|100%| O|  |TAMS 0x0000000622000000, 0x0000000621c00000| Untracked 
|   3|0x0000000622000000, 0x0000000622400000, 0x0000000622400000|100%| O|  |TAMS 0x0000000622400000, 0x0000000622000000| Untracked 
|   4|0x0000000622400000, 0x0000000622800000, 0x0000000622800000|100%| O|  |TAMS 0x0000000622800000, 0x0000000622400000| Complete 
|   5|0x0000000622800000, 0x0000000622c00000, 0x0000000622c00000|100%| O|  |TAMS 0x0000000622c00000, 0x0000000622800000| Untracked 
|   6|0x0000000622c00000, 0x0000000623000000, 0x0000000623000000|100%| O|  |TAMS 0x0000000623000000, 0x0000000622c00000| Complete 
|   7|0x0000000623000000, 0x0000000623400000, 0x0000000623400000|100%| O|  |TAMS 0x0000000623400000, 0x0000000623000000| Complete 
|   8|0x0000000623400000, 0x0000000623800000, 0x0000000623800000|100%| O|  |TAMS 0x0000000623800000, 0x0000000623400000| Untracked 
|   9|0x0000000623800000, 0x0000000623c00000, 0x0000000623c00000|100%| O|  |TAMS 0x0000000623c00000, 0x0000000623800000| Untracked 
|  10|0x0000000623c00000, 0x0000000624000000, 0x0000000624000000|100%| O|  |TAMS 0x0000000624000000, 0x0000000623c00000| Untracked 
|  11|0x0000000624000000, 0x0000000624400000, 0x0000000624400000|100%| O|  |TAMS 0x0000000624400000, 0x0000000624000000| Untracked 
|  12|0x0000000624400000, 0x0000000624800000, 0x0000000624800000|100%| O|  |TAMS 0x0000000624800000, 0x0000000624400000| Untracked 
|  13|0x0000000624800000, 0x0000000624c00000, 0x0000000624c00000|100%| O|  |TAMS 0x0000000624c00000, 0x0000000624800000| Untracked 
|  14|0x0000000624c00000, 0x0000000625000000, 0x0000000625000000|100%| O|  |TAMS 0x0000000625000000, 0x0000000624c00000| Untracked 
|  15|0x0000000625000000, 0x0000000625400000, 0x0000000625400000|100%| O|  |TAMS 0x0000000625400000, 0x0000000625000000| Complete 
|  16|0x0000000625400000, 0x0000000625800000, 0x0000000625800000|100%| O|  |TAMS 0x0000000625800000, 0x0000000625400000| Complete 
|  17|0x0000000625800000, 0x0000000625c00000, 0x0000000625c00000|100%| O|  |TAMS 0x0000000625c00000, 0x0000000625800000| Untracked 
|  18|0x0000000625c00000, 0x0000000626000000, 0x0000000626000000|100%| O|  |TAMS 0x0000000626000000, 0x0000000625c00000| Complete 
|  19|0x0000000626000000, 0x0000000626400000, 0x0000000626400000|100%| O|  |TAMS 0x0000000626400000, 0x0000000626000000| Complete 
|  20|0x0000000626400000, 0x0000000626800000, 0x0000000626800000|100%| O|  |TAMS 0x0000000626800000, 0x0000000626400000| Complete 
|  21|0x0000000626800000, 0x0000000626c00000, 0x0000000626c00000|100%| O|  |TAMS 0x0000000626c00000, 0x0000000626800000| Complete 
|  22|0x0000000626c00000, 0x0000000627000000, 0x0000000627000000|100%| O|  |TAMS 0x0000000627000000, 0x0000000626c00000| Complete 
|  23|0x0000000627000000, 0x0000000627400000, 0x0000000627400000|100%| O|  |TAMS 0x0000000627400000, 0x0000000627000000| Complete 
|  24|0x0000000627400000, 0x0000000627800000, 0x0000000627800000|100%| O|  |TAMS 0x0000000627800000, 0x0000000627400000| Complete 
|  25|0x0000000627800000, 0x0000000627c00000, 0x0000000627c00000|100%| O|  |TAMS 0x0000000627c00000, 0x0000000627800000| Complete 
|  26|0x0000000627c00000, 0x0000000628000000, 0x0000000628000000|100%| O|  |TAMS 0x0000000628000000, 0x0000000627c00000| Complete 
|  27|0x0000000628000000, 0x0000000628000000, 0x0000000628400000|  0%| F|  |TAMS 0x0000000628000000, 0x0000000628000000| Untracked 
|  28|0x0000000628400000, 0x0000000628800000, 0x0000000628800000|100%| O|  |TAMS 0x0000000628800000, 0x0000000628400000| Complete 
|  29|0x0000000628800000, 0x0000000628c00000, 0x0000000628c00000|100%| O|  |TAMS 0x0000000628c00000, 0x0000000628800000| Complete 
|  30|0x0000000628c00000, 0x0000000629000000, 0x0000000629000000|100%| O|  |TAMS 0x0000000629000000, 0x0000000628c00000| Complete 
|  31|0x0000000629000000, 0x0000000629400000, 0x0000000629400000|100%| O|  |TAMS 0x0000000629400000, 0x0000000629000000| Complete 
|  32|0x0000000629400000, 0x0000000629800000, 0x0000000629800000|100%| O|  |TAMS 0x0000000629800000, 0x0000000629400000| Complete 
|  33|0x0000000629800000, 0x0000000629c00000, 0x0000000629c00000|100%| O|  |TAMS 0x000000062984c800, 0x0000000629800000| Untracked 
|  34|0x0000000629c00000, 0x0000000629f10a00, 0x000000062a000000| 76%| O|  |TAMS 0x0000000629c00000, 0x0000000629c00000| Untracked 
|  35|0x000000062a000000, 0x000000062a000000, 0x000000062a400000|  0%| F|  |TAMS 0x000000062a000000, 0x000000062a000000| Untracked 
|  36|0x000000062a400000, 0x000000062a400000, 0x000000062a800000|  0%| F|  |TAMS 0x000000062a400000, 0x000000062a400000| Untracked 
|  37|0x000000062a800000, 0x000000062a800000, 0x000000062ac00000|  0%| F|  |TAMS 0x000000062a800000, 0x000000062a800000| Untracked 
|  38|0x000000062ac00000, 0x000000062ac00000, 0x000000062b000000|  0%| F|  |TAMS 0x000000062ac00000, 0x000000062ac00000| Untracked 
|  39|0x000000062b000000, 0x000000062b000000, 0x000000062b400000|  0%| F|  |TAMS 0x000000062b000000, 0x000000062b000000| Untracked 
|  40|0x000000062b400000, 0x000000062b400000, 0x000000062b800000|  0%| F|  |TAMS 0x000000062b400000, 0x000000062b400000| Untracked 
|  41|0x000000062b800000, 0x000000062b800000, 0x000000062bc00000|  0%| F|  |TAMS 0x000000062b800000, 0x000000062b800000| Untracked 
|  42|0x000000062bc00000, 0x000000062bc00000, 0x000000062c000000|  0%| F|  |TAMS 0x000000062bc00000, 0x000000062bc00000| Untracked 
|  43|0x000000062c000000, 0x000000062c000000, 0x000000062c400000|  0%| F|  |TAMS 0x000000062c000000, 0x000000062c000000| Untracked 
|  44|0x000000062c400000, 0x000000062c400000, 0x000000062c800000|  0%| F|  |TAMS 0x000000062c400000, 0x000000062c400000| Untracked 
|  45|0x000000062c800000, 0x000000062c800000, 0x000000062cc00000|  0%| F|  |TAMS 0x000000062c800000, 0x000000062c800000| Untracked 
|  46|0x000000062cc00000, 0x000000062cc00000, 0x000000062d000000|  0%| F|  |TAMS 0x000000062cc00000, 0x000000062cc00000| Untracked 
|  47|0x000000062d000000, 0x000000062d000000, 0x000000062d400000|  0%| F|  |TAMS 0x000000062d000000, 0x000000062d000000| Untracked 
|  48|0x000000062d400000, 0x000000062d400000, 0x000000062d800000|  0%| F|  |TAMS 0x000000062d400000, 0x000000062d400000| Untracked 
|  49|0x000000062d800000, 0x000000062d800000, 0x000000062dc00000|  0%| F|  |TAMS 0x000000062d800000, 0x000000062d800000| Untracked 
|  50|0x000000062dc00000, 0x000000062dc00000, 0x000000062e000000|  0%| F|  |TAMS 0x000000062dc00000, 0x000000062dc00000| Untracked 
|  51|0x000000062e000000, 0x000000062e000000, 0x000000062e400000|  0%| F|  |TAMS 0x000000062e000000, 0x000000062e000000| Untracked 
|  52|0x000000062e400000, 0x000000062e400000, 0x000000062e800000|  0%| F|  |TAMS 0x000000062e400000, 0x000000062e400000| Untracked 
|  53|0x000000062e800000, 0x000000062e800000, 0x000000062ec00000|  0%| F|  |TAMS 0x000000062e800000, 0x000000062e800000| Untracked 
|  54|0x000000062ec00000, 0x000000062ec00000, 0x000000062f000000|  0%| F|  |TAMS 0x000000062ec00000, 0x000000062ec00000| Untracked 
|  55|0x000000062f000000, 0x000000062f17b518, 0x000000062f400000| 37%| S|CS|TAMS 0x000000062f000000, 0x000000062f000000| Complete 
|  56|0x000000062f400000, 0x000000062f800000, 0x000000062f800000|100%| S|CS|TAMS 0x000000062f400000, 0x000000062f400000| Complete 
|  57|0x000000062f800000, 0x000000062f800000, 0x000000062fc00000|  0%| F|  |TAMS 0x000000062f800000, 0x000000062f800000| Untracked 
|  58|0x000000062fc00000, 0x000000062fc00000, 0x0000000630000000|  0%| F|  |TAMS 0x000000062fc00000, 0x000000062fc00000| Untracked 
|  59|0x0000000630000000, 0x0000000630000000, 0x0000000630400000|  0%| F|  |TAMS 0x0000000630000000, 0x0000000630000000| Untracked 
|  60|0x0000000630400000, 0x0000000630400000, 0x0000000630800000|  0%| F|  |TAMS 0x0000000630400000, 0x0000000630400000| Untracked 
|  61|0x0000000630800000, 0x0000000630800000, 0x0000000630c00000|  0%| F|  |TAMS 0x0000000630800000, 0x0000000630800000| Untracked 
|  62|0x0000000630c00000, 0x0000000630c00000, 0x0000000631000000|  0%| F|  |TAMS 0x0000000630c00000, 0x0000000630c00000| Untracked 
|  63|0x0000000631000000, 0x0000000631000000, 0x0000000631400000|  0%| F|  |TAMS 0x0000000631000000, 0x0000000631000000| Untracked 
|  64|0x0000000631400000, 0x0000000631400000, 0x0000000631800000|  0%| F|  |TAMS 0x0000000631400000, 0x0000000631400000| Untracked 
|  65|0x0000000631800000, 0x0000000631800000, 0x0000000631c00000|  0%| F|  |TAMS 0x0000000631800000, 0x0000000631800000| Untracked 
|  66|0x0000000631c00000, 0x0000000631c00000, 0x0000000632000000|  0%| F|  |TAMS 0x0000000631c00000, 0x0000000631c00000| Untracked 
|  67|0x0000000632000000, 0x0000000632000000, 0x0000000632400000|  0%| F|  |TAMS 0x0000000632000000, 0x0000000632000000| Untracked 
|  68|0x0000000632400000, 0x0000000632400000, 0x0000000632800000|  0%| F|  |TAMS 0x0000000632400000, 0x0000000632400000| Untracked 
|  69|0x0000000632800000, 0x0000000632800000, 0x0000000632c00000|  0%| F|  |TAMS 0x0000000632800000, 0x0000000632800000| Untracked 
|  70|0x0000000632c00000, 0x0000000632c00000, 0x0000000633000000|  0%| F|  |TAMS 0x0000000632c00000, 0x0000000632c00000| Untracked 
|  71|0x0000000633000000, 0x0000000633000000, 0x0000000633400000|  0%| F|  |TAMS 0x0000000633000000, 0x0000000633000000| Untracked 
|  72|0x0000000633400000, 0x0000000633400000, 0x0000000633800000|  0%| F|  |TAMS 0x0000000633400000, 0x0000000633400000| Untracked 
|  73|0x0000000633800000, 0x0000000633800000, 0x0000000633c00000|  0%| F|  |TAMS 0x0000000633800000, 0x0000000633800000| Untracked 
|  74|0x0000000633c00000, 0x0000000633c00000, 0x0000000634000000|  0%| F|  |TAMS 0x0000000633c00000, 0x0000000633c00000| Untracked 
|  75|0x0000000634000000, 0x0000000634000000, 0x0000000634400000|  0%| F|  |TAMS 0x0000000634000000, 0x0000000634000000| Untracked 
|  76|0x0000000634400000, 0x0000000634400000, 0x0000000634800000|  0%| F|  |TAMS 0x0000000634400000, 0x0000000634400000| Untracked 
|  77|0x0000000634800000, 0x0000000634800000, 0x0000000634c00000|  0%| F|  |TAMS 0x0000000634800000, 0x0000000634800000| Untracked 
|  78|0x0000000634c00000, 0x0000000634c00000, 0x0000000635000000|  0%| F|  |TAMS 0x0000000634c00000, 0x0000000634c00000| Untracked 
|  79|0x0000000635000000, 0x0000000635000000, 0x0000000635400000|  0%| F|  |TAMS 0x0000000635000000, 0x0000000635000000| Untracked 
|  80|0x0000000635400000, 0x0000000635400000, 0x0000000635800000|  0%| F|  |TAMS 0x0000000635400000, 0x0000000635400000| Untracked 
|  81|0x0000000635800000, 0x0000000635800000, 0x0000000635c00000|  0%| F|  |TAMS 0x0000000635800000, 0x0000000635800000| Untracked 
|  82|0x0000000635c00000, 0x0000000635c00000, 0x0000000636000000|  0%| F|  |TAMS 0x0000000635c00000, 0x0000000635c00000| Untracked 
|  83|0x0000000636000000, 0x0000000636000000, 0x0000000636400000|  0%| F|  |TAMS 0x0000000636000000, 0x0000000636000000| Untracked 
|  84|0x0000000636400000, 0x0000000636400000, 0x0000000636800000|  0%| F|  |TAMS 0x0000000636400000, 0x0000000636400000| Untracked 
|  85|0x0000000636800000, 0x0000000636800000, 0x0000000636c00000|  0%| F|  |TAMS 0x0000000636800000, 0x0000000636800000| Untracked 
|  86|0x0000000636c00000, 0x0000000636c00000, 0x0000000637000000|  0%| F|  |TAMS 0x0000000636c00000, 0x0000000636c00000| Untracked 
|  87|0x0000000637000000, 0x0000000637000000, 0x0000000637400000|  0%| F|  |TAMS 0x0000000637000000, 0x0000000637000000| Untracked 
|  88|0x0000000637400000, 0x0000000637400000, 0x0000000637800000|  0%| F|  |TAMS 0x0000000637400000, 0x0000000637400000| Untracked 
|  89|0x0000000637800000, 0x0000000637800000, 0x0000000637c00000|  0%| F|  |TAMS 0x0000000637800000, 0x0000000637800000| Untracked 
|  90|0x0000000637c00000, 0x0000000637c00000, 0x0000000638000000|  0%| F|  |TAMS 0x0000000637c00000, 0x0000000637c00000| Untracked 
|  91|0x0000000638000000, 0x0000000638000000, 0x0000000638400000|  0%| F|  |TAMS 0x0000000638000000, 0x0000000638000000| Untracked 
|  92|0x0000000638400000, 0x0000000638400000, 0x0000000638800000|  0%| F|  |TAMS 0x0000000638400000, 0x0000000638400000| Untracked 
|  93|0x0000000638800000, 0x0000000638800000, 0x0000000638c00000|  0%| F|  |TAMS 0x0000000638800000, 0x0000000638800000| Untracked 
|  94|0x0000000638c00000, 0x0000000638c00000, 0x0000000639000000|  0%| F|  |TAMS 0x0000000638c00000, 0x0000000638c00000| Untracked 
|  95|0x0000000639000000, 0x0000000639000000, 0x0000000639400000|  0%| F|  |TAMS 0x0000000639000000, 0x0000000639000000| Untracked 
|  96|0x0000000639400000, 0x0000000639400000, 0x0000000639800000|  0%| F|  |TAMS 0x0000000639400000, 0x0000000639400000| Untracked 
|  97|0x0000000639800000, 0x0000000639800000, 0x0000000639c00000|  0%| F|  |TAMS 0x0000000639800000, 0x0000000639800000| Untracked 
|  98|0x0000000639c00000, 0x0000000639c00000, 0x000000063a000000|  0%| F|  |TAMS 0x0000000639c00000, 0x0000000639c00000| Untracked 
|  99|0x000000063a000000, 0x000000063a000000, 0x000000063a400000|  0%| F|  |TAMS 0x000000063a000000, 0x000000063a000000| Untracked 
| 100|0x000000063a400000, 0x000000063a400000, 0x000000063a800000|  0%| F|  |TAMS 0x000000063a400000, 0x000000063a400000| Untracked 
| 101|0x000000063a800000, 0x000000063a800000, 0x000000063ac00000|  0%| F|  |TAMS 0x000000063a800000, 0x000000063a800000| Untracked 
| 102|0x000000063ac00000, 0x000000063ac00000, 0x000000063b000000|  0%| F|  |TAMS 0x000000063ac00000, 0x000000063ac00000| Untracked 
| 103|0x000000063b000000, 0x000000063b000000, 0x000000063b400000|  0%| F|  |TAMS 0x000000063b000000, 0x000000063b000000| Untracked 
| 104|0x000000063b400000, 0x000000063b542c60, 0x000000063b800000| 31%| E|  |TAMS 0x000000063b400000, 0x000000063b400000| Complete 
| 105|0x000000063b800000, 0x000000063bc00000, 0x000000063bc00000|100%| E|CS|TAMS 0x000000063b800000, 0x000000063b800000| Complete 
| 106|0x000000063bc00000, 0x000000063c000000, 0x000000063c000000|100%| E|CS|TAMS 0x000000063bc00000, 0x000000063bc00000| Complete 
| 107|0x000000063c000000, 0x000000063c400000, 0x000000063c400000|100%| E|CS|TAMS 0x000000063c000000, 0x000000063c000000| Complete 
| 108|0x000000063c400000, 0x000000063c800000, 0x000000063c800000|100%| E|CS|TAMS 0x000000063c400000, 0x000000063c400000| Complete 
| 109|0x000000063c800000, 0x000000063cc00000, 0x000000063cc00000|100%| E|CS|TAMS 0x000000063c800000, 0x000000063c800000| Complete 
| 110|0x000000063cc00000, 0x000000063d000000, 0x000000063d000000|100%| E|CS|TAMS 0x000000063cc00000, 0x000000063cc00000| Complete 
| 111|0x000000063d000000, 0x000000063d400000, 0x000000063d400000|100%| E|CS|TAMS 0x000000063d000000, 0x000000063d000000| Complete 
| 112|0x000000063d400000, 0x000000063d800000, 0x000000063d800000|100%| E|CS|TAMS 0x000000063d400000, 0x000000063d400000| Complete 
| 113|0x000000063d800000, 0x000000063dc00000, 0x000000063dc00000|100%| E|CS|TAMS 0x000000063d800000, 0x000000063d800000| Complete 
| 114|0x000000063dc00000, 0x000000063e000000, 0x000000063e000000|100%| E|CS|TAMS 0x000000063dc00000, 0x000000063dc00000| Complete 
| 119|0x000000063f000000, 0x000000063f400000, 0x000000063f400000|100%| E|CS|TAMS 0x000000063f000000, 0x000000063f000000| Complete 
|1914|0x00000007ffc00000, 0x0000000800000000, 0x0000000800000000|100%| O|  |TAMS 0x0000000800000000, 0x00000007ffc00000| Untracked 

Card table byte_map: [0x00000191b2f60000,0x00000191b3e60000] _byte_map_base: 0x00000191afe56000

Marking Bits (Prev, Next): (CMBitMap*) 0x0000019199726070, (CMBitMap*) 0x00000191997260b0
 Prev Bits: [0x00000191b4d60000, 0x00000191bc510000)
 Next Bits: [0x00000191bc510000, 0x00000191c3cc0000)

Polling page: 0x0000019199780000

Metaspace:

Usage:
  Non-class:     40.28 MB used.
      Class:      4.54 MB used.
       Both:     44.82 MB used.

Virtual space:
  Non-class space:       48.00 MB reserved,      40.44 MB ( 84%) committed,  6 nodes.
      Class space:        1.00 GB reserved,       4.62 MB ( <1%) committed,  1 nodes.
              Both:        1.05 GB reserved,      45.06 MB (  4%) committed. 

Chunk freelists:
   Non-Class:  3.28 MB
       Class:  3.19 MB
        Both:  6.47 MB

MaxMetaspaceSize: 17179869184.00 GB
CompressedClassSpaceSize: 1.00 GB
 - commit_granule_bytes: 65536.
 - commit_granule_words: 8192.
 - virtual_space_node_default_size: 1048576.
 - enlarge_chunks_in_place: 1.
 - new_chunks_are_fully_committed: 0.
 - uncommit_free_chunks: 1.
 - use_allocation_guard: 0.
 - handle_deallocations: 1.


Internal statistics:

num_allocs_failed_limit: 6.
num_arena_births: 218.
num_arena_deaths: 0.
num_vsnodes_births: 7.
num_vsnodes_deaths: 0.
num_space_committed: 714.
num_space_uncommitted: 0.
num_chunks_returned_to_freelist: 6.
num_chunks_taken_from_freelist: 1252.
num_chunk_merges: 3.
num_chunk_splits: 964.
num_chunks_enlarged: 808.
num_purges: 0.

CodeHeap 'non-profiled nmethods': size=120000Kb used=3262Kb max_used=3262Kb free=116737Kb
 bounds [0x00000191aa0c0000, 0x00000191aa3f0000, 0x00000191b15f0000]
CodeHeap 'profiled nmethods': size=120000Kb used=12332Kb max_used=12332Kb free=107667Kb
 bounds [0x00000191a2b90000, 0x00000191a37a0000, 0x00000191aa0c0000]
CodeHeap 'non-nmethods': size=5760Kb used=1934Kb max_used=1986Kb free=3825Kb
 bounds [0x00000191a25f0000, 0x00000191a2860000, 0x00000191a2b90000]
 total_blobs=6707 nmethods=5274 adapters=1345
 compilation: enabled
              stopped_count=0, restarted_count=0
 full_count=0

Compilation events (20 events):
Event: 25.236 Thread 0x00000191c711a370 nmethod 6207 0x00000191a3755690 code [0x00000191a3755a40, 0x00000191a3757d38]
Event: 25.236 Thread 0x00000191c711a370 6210       2       osrs.class167::method3270 (2369 bytes)
Event: 25.243 Thread 0x00000191c711a370 nmethod 6210 0x00000191a3758890 code [0x00000191a37591a0, 0x00000191a375e098]
Event: 25.244 Thread 0x00000191c711a370 6211       2       osrs.PlayerComposition::Messages_getHistorySize (29 bytes)
Event: 25.244 Thread 0x00000191c711a370 nmethod 6211 0x00000191a3760610 code [0x00000191a37607e0, 0x00000191a3760a48]
Event: 25.244 Thread 0x00000191c711a370 6208       2       java.util.regex.Matcher::end (67 bytes)
Event: 25.245 Thread 0x00000191c711a370 nmethod 6208 0x00000191a3760c10 code [0x00000191a3760e20, 0x00000191a3761288]
Event: 25.256 Thread 0x00000191c711a370 6217       3       osrs.Canvas::readStringIntParameters (105 bytes)
Event: 25.257 Thread 0x00000191c711a370 nmethod 6217 0x00000191a3761510 code [0x00000191a3761780, 0x00000191a3762498]
Event: 25.277 Thread 0x00000191f48e02e0 nmethod 5553 0x00000191aa13b690 code [0x00000191aa13b8e0, 0x00000191aa13d7b8]
Event: 25.277 Thread 0x00000191f48e02e0 6215       4       java.util.HashMap::getOrDefault (19 bytes)
Event: 25.281 Thread 0x00000191f48e02e0 nmethod 6215 0x00000191aa13af90 code [0x00000191aa13b120, 0x00000191aa13b438]
Event: 25.281 Thread 0x00000191f48e02e0 6228   !   4       java.util.concurrent.LinkedBlockingQueue::take (91 bytes)
Event: 25.287 Thread 0x00000191c711a370 6234 %     3       osrs.WorldMapID::method4804 @ 179 (811 bytes)
Event: 25.291 Thread 0x00000191c711a370 nmethod 6234% 0x00000191a3762910 code [0x00000191a3762e60, 0x00000191a37668d8]
Event: 25.308 Thread 0x00000191c711a370 6235       3       osrs.NodeHashTable::get (85 bytes)
Event: 25.308 Thread 0x00000191c711a370 nmethod 6235 0x00000191a3767c10 code [0x00000191a3767de0, 0x00000191a37681d8]
Event: 25.309 Thread 0x00000191c711a370 6236       2       osrs.WorldMapSection0::containsCoord (107 bytes)
Event: 25.310 Thread 0x00000191c711a370 nmethod 6236 0x00000191a3768310 code [0x00000191a37684a0, 0x00000191a3768658]
Event: 25.316 Thread 0x00000191c711a370 6237 %     3       osrs.FriendSystem::updateInterface @ 3 (4156 bytes)

GC Heap History (20 events):
Event: 10.943 GC heap before
{Heap before GC invocations=8 (full 0):
 garbage-first heap   total 114688K, used 77064K [0x0000000621400000, 0x0000000800000000)
  region size 4096K, 3 young (12288K), 1 survivors (4096K)
 Metaspace       used 39223K, committed 39424K, reserved 1089536K
  class space    used 4077K, committed 4160K, reserved 1048576K
}
Event: 10.946 GC heap after
{Heap after GC invocations=9 (full 0):
 garbage-first heap   total 114688K, used 77623K [0x0000000621400000, 0x0000000800000000)
  region size 4096K, 1 young (4096K), 1 survivors (4096K)
 Metaspace       used 39223K, committed 39424K, reserved 1089536K
  class space    used 4077K, committed 4160K, reserved 1048576K
}
Event: 10.964 GC heap before
{Heap before GC invocations=9 (full 0):
 garbage-first heap   total 114688K, used 81719K [0x0000000621400000, 0x0000000800000000)
  region size 4096K, 2 young (8192K), 1 survivors (4096K)
 Metaspace       used 39223K, committed 39424K, reserved 1089536K
  class space    used 4077K, committed 4160K, reserved 1048576K
}
Event: 10.967 GC heap after
{Heap after GC invocations=10 (full 0):
 garbage-first heap   total 114688K, used 82286K [0x0000000621400000, 0x0000000800000000)
  region size 4096K, 1 young (4096K), 1 survivors (4096K)
 Metaspace       used 39223K, committed 39424K, reserved 1089536K
  class space    used 4077K, committed 4160K, reserved 1048576K
}
Event: 10.986 GC heap before
{Heap before GC invocations=10 (full 0):
 garbage-first heap   total 151552K, used 86382K [0x0000000621400000, 0x0000000800000000)
  region size 4096K, 2 young (8192K), 1 survivors (4096K)
 Metaspace       used 39223K, committed 39424K, reserved 1089536K
  class space    used 4077K, committed 4160K, reserved 1048576K
}
Event: 10.988 GC heap after
{Heap after GC invocations=11 (full 0):
 garbage-first heap   total 303104K, used 86904K [0x0000000621400000, 0x0000000800000000)
  region size 4096K, 1 young (4096K), 1 survivors (4096K)
 Metaspace       used 39223K, committed 39424K, reserved 1089536K
  class space    used 4077K, committed 4160K, reserved 1048576K
}
Event: 11.738 GC heap before
{Heap before GC invocations=12 (full 0):
 garbage-first heap   total 303104K, used 144248K [0x0000000621400000, 0x0000000800000000)
  region size 4096K, 16 young (65536K), 1 survivors (4096K)
 Metaspace       used 41231K, committed 41472K, reserved 1089536K
  class space    used 4284K, committed 4416K, reserved 1048576K
}
Event: 11.747 GC heap after
{Heap after GC invocations=13 (full 0):
 garbage-first heap   total 303104K, used 123791K [0x0000000621400000, 0x0000000800000000)
  region size 4096K, 2 young (8192K), 2 survivors (8192K)
 Metaspace       used 41231K, committed 41472K, reserved 1089536K
  class space    used 4284K, committed 4416K, reserved 1048576K
}
Event: 11.774 GC heap before
{Heap before GC invocations=13 (full 0):
 garbage-first heap   total 303104K, used 123791K [0x0000000621400000, 0x0000000800000000)
  region size 4096K, 3 young (12288K), 2 survivors (8192K)
 Metaspace       used 41233K, committed 41472K, reserved 1089536K
  class space    used 4284K, committed 4416K, reserved 1048576K
}
Event: 11.779 GC heap after
{Heap after GC invocations=14 (full 0):
 garbage-first heap   total 303104K, used 103532K [0x0000000621400000, 0x0000000800000000)
  region size 4096K, 1 young (4096K), 1 survivors (4096K)
 Metaspace       used 41233K, committed 41472K, reserved 1089536K
  class space    used 4284K, committed 4416K, reserved 1048576K
}
Event: 19.609 GC heap before
{Heap before GC invocations=14 (full 0):
 garbage-first heap   total 303104K, used 156780K [0x0000000621400000, 0x0000000800000000)
  region size 4096K, 15 young (61440K), 1 survivors (4096K)
 Metaspace       used 42466K, committed 42688K, reserved 1089536K
  class space    used 4331K, committed 4416K, reserved 1048576K
}
Event: 19.612 GC heap after
{Heap after GC invocations=15 (full 0):
 garbage-first heap   total 303104K, used 108985K [0x0000000621400000, 0x0000000800000000)
  region size 4096K, 2 young (8192K), 2 survivors (8192K)
 Metaspace       used 42466K, committed 42688K, reserved 1089536K
  class space    used 4331K, committed 4416K, reserved 1048576K
}
Event: 24.081 GC heap before
{Heap before GC invocations=15 (full 0):
 garbage-first heap   total 303104K, used 170425K [0x0000000621400000, 0x0000000800000000)
  region size 4096K, 17 young (69632K), 2 survivors (8192K)
 Metaspace       used 43530K, committed 43776K, reserved 1089536K
  class space    used 4394K, committed 4480K, reserved 1048576K
}
Event: 24.087 GC heap after
{Heap after GC invocations=16 (full 0):
 garbage-first heap   total 303104K, used 121846K [0x0000000621400000, 0x0000000800000000)
  region size 4096K, 3 young (12288K), 3 survivors (12288K)
 Metaspace       used 43530K, committed 43776K, reserved 1089536K
  class space    used 4394K, committed 4480K, reserved 1048576K
}
Event: 24.515 GC heap before
{Heap before GC invocations=16 (full 0):
 garbage-first heap   total 303104K, used 187382K [0x0000000621400000, 0x0000000800000000)
  region size 4096K, 19 young (77824K), 3 survivors (12288K)
 Metaspace       used 44491K, committed 44672K, reserved 1089536K
  class space    used 4521K, committed 4608K, reserved 1048576K
}
Event: 24.524 GC heap after
{Heap after GC invocations=17 (full 0):
 garbage-first heap   total 303104K, used 138471K [0x0000000621400000, 0x0000000800000000)
  region size 4096K, 3 young (12288K), 3 survivors (12288K)
 Metaspace       used 44491K, committed 44672K, reserved 1089536K
  class space    used 4521K, committed 4608K, reserved 1048576K
}
Event: 24.742 GC heap before
{Heap before GC invocations=17 (full 0):
 garbage-first heap   total 303104K, used 195815K [0x0000000621400000, 0x0000000800000000)
  region size 4096K, 17 young (69632K), 3 survivors (12288K)
 Metaspace       used 45216K, committed 45440K, reserved 1097728K
  class space    used 4615K, committed 4736K, reserved 1048576K
}
Event: 24.751 GC heap after
{Heap after GC invocations=18 (full 0):
 garbage-first heap   total 303104K, used 147148K [0x0000000621400000, 0x0000000800000000)
  region size 4096K, 2 young (8192K), 2 survivors (8192K)
 Metaspace       used 45216K, committed 45440K, reserved 1097728K
  class space    used 4615K, committed 4736K, reserved 1048576K
}
Event: 25.089 GC heap before
{Heap before GC invocations=18 (full 0):
 garbage-first heap   total 303104K, used 200396K [0x0000000621400000, 0x0000000800000000)
  region size 4096K, 16 young (65536K), 2 survivors (8192K)
 Metaspace       used 45685K, committed 45952K, reserved 1097728K
  class space    used 4639K, committed 4736K, reserved 1048576K
}
Event: 25.096 GC heap after
{Heap after GC invocations=19 (full 0):
 garbage-first heap   total 479232K, used 152111K [0x0000000621400000, 0x0000000800000000)
  region size 4096K, 2 young (8192K), 2 survivors (8192K)
 Metaspace       used 45685K, committed 45952K, reserved 1097728K
  class space    used 4639K, committed 4736K, reserved 1048576K
}

Deoptimization events (20 events):
Event: 25.212 Thread 0x00000191c8457e50 Uncommon trap: trap_request=0xffffff66 fr.pc=0x00000191aa34aad4 relative=0x00000000000002b4
Event: 25.212 Thread 0x00000191c8457e50 Uncommon trap: reason=speculate_class_check action=maybe_recompile pc=0x00000191aa34aad4 method=osrs.Node.rl$unlink()V @ 1 c2
Event: 25.212 Thread 0x00000191c8457e50 DEOPT PACKING pc=0x00000191aa34aad4 sp=0x0000004abd9feb80
Event: 25.212 Thread 0x00000191c8457e50 DEOPT UNPACKING pc=0x00000191a263d72e sp=0x0000004abd9fea78 mode 2
Event: 25.212 Thread 0x00000191c8457e50 DEOPT PACKING pc=0x00000191a2fc02d9 sp=0x0000004abd9fe760
Event: 25.212 Thread 0x00000191c8457e50 DEOPT UNPACKING pc=0x00000191a263dece sp=0x0000004abd9fdc38 mode 0
Event: 25.212 Thread 0x00000191c8457e50 Uncommon trap: trap_request=0xffffff66 fr.pc=0x00000191aa34aad4 relative=0x00000000000002b4
Event: 25.212 Thread 0x00000191c8457e50 Uncommon trap: reason=speculate_class_check action=maybe_recompile pc=0x00000191aa34aad4 method=osrs.Node.rl$unlink()V @ 1 c2
Event: 25.212 Thread 0x00000191c8457e50 DEOPT PACKING pc=0x00000191aa34aad4 sp=0x0000004abd9feb80
Event: 25.212 Thread 0x00000191c8457e50 DEOPT UNPACKING pc=0x00000191a263d72e sp=0x0000004abd9fea78 mode 2
Event: 25.212 Thread 0x00000191c8457e50 Uncommon trap: trap_request=0xffffff66 fr.pc=0x00000191aa34aad4 relative=0x00000000000002b4
Event: 25.212 Thread 0x00000191c8457e50 Uncommon trap: reason=speculate_class_check action=maybe_recompile pc=0x00000191aa34aad4 method=osrs.Node.rl$unlink()V @ 1 c2
Event: 25.212 Thread 0x00000191c8457e50 DEOPT PACKING pc=0x00000191aa34aad4 sp=0x0000004abd9feb80
Event: 25.212 Thread 0x00000191c8457e50 DEOPT UNPACKING pc=0x00000191a263d72e sp=0x0000004abd9fea78 mode 2
Event: 25.212 Thread 0x00000191c8457e50 Uncommon trap: trap_request=0xffffff66 fr.pc=0x00000191aa34aad4 relative=0x00000000000002b4
Event: 25.212 Thread 0x00000191c8457e50 Uncommon trap: reason=speculate_class_check action=maybe_recompile pc=0x00000191aa34aad4 method=osrs.Node.rl$unlink()V @ 1 c2
Event: 25.212 Thread 0x00000191c8457e50 DEOPT PACKING pc=0x00000191aa34aad4 sp=0x0000004abd9feb80
Event: 25.212 Thread 0x00000191c8457e50 DEOPT UNPACKING pc=0x00000191a263d72e sp=0x0000004abd9fea78 mode 2
Event: 25.256 Thread 0x00000191c8457e50 DEOPT PACKING pc=0x00000191a2f57bc3 sp=0x0000004abd9fe4c0
Event: 25.256 Thread 0x00000191c8457e50 DEOPT UNPACKING pc=0x00000191a263dece sp=0x0000004abd9fd9a0 mode 0

Classes unloaded (0 events):
No events

Classes redefined (0 events):
No events

Internal exceptions (20 events):
Event: 7.492 Thread 0x00000191c88566d0 Implicit null exception at 0x00000191aa106a0f to 0x00000191aa106c28
Event: 7.492 Thread 0x00000191c88566d0 Implicit null exception at 0x00000191aa11ca2f to 0x00000191aa11caad
Event: 8.033 Thread 0x00000191c67cc240 Exception <a 'java/lang/NoSuchMethodError'{0x00000006251dc4b0}: 'void java.lang.invoke.DirectMethodHandle$Holder.invokeVirtual(java.lang.Object, java.lang.Object)'> (0x00000006251dc4b0) 
thrown [t:\workspace\open\src\hotspot\share\interpreter\linkResolver.cpp, line 790]
Event: 8.690 Thread 0x00000191c8457e50 Implicit null exception at 0x00000191aa0e2c72 to 0x00000191aa0e3254
Event: 8.738 Thread 0x00000191c8457e50 Exception <a 'java/lang/NoSuchMethodError'{0x0000000623a3eaa0}: 'void java.lang.invoke.DirectMethodHandle$Holder.invokeStatic(java.lang.Object, long)'> (0x0000000623a3eaa0) 
thrown [t:\workspace\open\src\hotspot\share\interpreter\linkResolver.cpp, line 790]
Event: 8.739 Thread 0x00000191c8457e50 Exception <a 'java/lang/NoSuchMethodError'{0x0000000623a44320}: 'java.lang.Object java.lang.invoke.DirectMethodHandle$Holder.newInvokeSpecial(java.lang.Object, long)'> (0x0000000623a44320) 
thrown [t:\workspace\open\src\hotspot\share\interpreter\linkResolver.cpp, line 790]
Event: 8.741 Thread 0x00000191c8457e50 Exception <a 'java/lang/NoSuchMethodError'{0x0000000623a4b1b0}: 'java.lang.Object java.lang.invoke.DirectMethodHandle$Holder.invokeStatic(java.lang.Object, java.lang.Object, long, java.lang.Object)'> (0x0000000623a4b1b0) 
thrown [t:\workspace\open\src\hotspot\share\interpreter\linkResolver.cpp, line 790]
Event: 8.742 Thread 0x00000191c8457e50 Exception <a 'java/lang/NoSuchMethodError'{0x0000000623a4ee50}: 'java.lang.Object java.lang.invoke.DirectMethodHandle$Holder.invokeStaticInit(java.lang.Object, java.lang.Object, long, java.lang.Object)'> (0x0000000623a4ee50) 
thrown [t:\workspace\open\src\hotspot\share\interpreter\linkResolver.cpp, line 790]
Event: 8.743 Thread 0x00000191c8457e50 Exception <a 'java/lang/NoSuchMethodError'{0x0000000623a55770}: 'java.lang.Object java.lang.invoke.DirectMethodHandle$Holder.newInvokeSpecial(java.lang.Object, java.lang.Object, long)'> (0x0000000623a55770) 
thrown [t:\workspace\open\src\hotspot\share\interpreter\linkResolver.cpp, line 790]
Event: 8.743 Thread 0x00000191c8457e50 Exception <a 'java/lang/NoSuchMethodError'{0x0000000623a594e0}: 'java.lang.Object java.lang.invoke.Invokers$Holder.linkToTargetMethod(java.lang.Object, long, java.lang.Object)'> (0x0000000623a594e0) 
thrown [t:\workspace\open\src\hotspot\share\interpreter\linkResolver.cpp, line 790]
Event: 8.841 Thread 0x00000191c8457e50 Exception <a 'sun/nio/fs/WindowsException'{0x0000000623a96498}> (0x0000000623a96498) 
thrown [t:\workspace\open\src\hotspot\share\prims\jni.cpp, line 579]
Event: 8.863 Thread 0x00000191c8457e50 Exception <a 'sun/nio/fs/WindowsException'{0x0000000623bbb020}> (0x0000000623bbb020) 
thrown [t:\workspace\open\src\hotspot\share\prims\jni.cpp, line 579]
Event: 9.789 Thread 0x00000191c8457e50 Exception <a 'java/lang/NullPointerException'{0x0000000626fb1288}> (0x0000000626fb1288) 
thrown [t:\workspace\open\src\hotspot\share\interpreter\linkResolver.cpp, line 1385]
Event: 9.807 Thread 0x00000191c8457e50 Exception <a 'java/lang/NullPointerException'{0x0000000626ba69e8}> (0x0000000626ba69e8) 
thrown [t:\workspace\open\src\hotspot\share\interpreter\linkResolver.cpp, line 1385]
Event: 9.814 Thread 0x00000191c8457e50 Exception <a 'java/lang/NoSuchMethodError'{0x0000000626bc1ed8}: 'void java.lang.invoke.DirectMethodHandle$Holder.invokeSpecial(java.lang.Object, java.lang.Object, int)'> (0x0000000626bc1ed8) 
thrown [t:\workspace\open\src\hotspot\share\interpreter\linkResolver.cpp, line 790]
Event: 9.814 Thread 0x00000191c8457e50 Exception <a 'java/lang/NoSuchMethodError'{0x0000000626bd6850}: 'java.lang.Object java.lang.invoke.DirectMethodHandle$Holder.newInvokeSpecial(java.lang.Object, java.lang.Object, int)'> (0x0000000626bd6850) 
thrown [t:\workspace\open\src\hotspot\share\interpreter\linkResolver.cpp, line 790]
Event: 23.825 Thread 0x00000191c8457e50 Implicit null exception at 0x00000191a36c757b to 0x00000191a36ceb34
Event: 23.825 Thread 0x00000191c8457e50 Exception <a 'java/lang/NullPointerException'{0x000000063f1819e8}> (0x000000063f1819e8) 
thrown [t:\workspace\open\src\hotspot\share\runtime\sharedRuntime.cpp, line 624]
Event: 24.359 Thread 0x00000191c8457e50 Exception <a 'java/lang/NullPointerException'{0x0000000631f9e4f8}> (0x0000000631f9e4f8) 
thrown [t:\workspace\open\src\hotspot\share\interpreter\linkResolver.cpp, line 1385]
Event: 24.360 Thread 0x00000191c8855190 Exception <a 'java/lang/NoSuchMethodError'{0x0000000631859c90}: 'int java.lang.invoke.DirectMethodHandle$Holder.invokeSpecial(java.lang.Object, java.lang.Object, java.lang.Object, java.lang.Object)'> (0x0000000631859c90) 
thrown [t:\workspace\open\src\hotspot\share\interpreter\linkResolver.cpp, line 790]

Events (20 events):
Event: 24.640 loading class java/lang/SecurityException done
Event: 24.677 Thread 0x00000191f4ee6230 Thread added: 0x00000191f4ee6230
Event: 24.742 Executing  VM operation: G1CollectForAllocation
Event: 24.751 Executing  VM operation: G1CollectForAllocation done
Event: 24.797 Thread 0x00000191f4ee6780 Thread added: 0x00000191f4ee6780
Event: 24.801 Thread 0x00000191f4ee47a0 Thread added: 0x00000191f4ee47a0
Event: 24.802 Thread 0x00000191f4ee0d30 Thread added: 0x00000191f4ee0d30
Event: 24.848 loading class java/lang/ThreadLocal$SuppliedThreadLocal
Event: 24.848 loading class java/lang/ThreadLocal$SuppliedThreadLocal done
Event: 24.849 loading class java/util/Collections$UnmodifiableSortedMap
Event: 24.849 loading class java/util/Collections$UnmodifiableSortedMap done
Event: 24.859 Thread 0x00000191f4ee7220 Thread added: 0x00000191f4ee7220
Event: 24.886 Thread 0x00000191f4ee3d00 Thread added: 0x00000191f4ee3d00
Event: 25.088 Executing  VM operation: G1CollectForAllocation
Event: 25.096 Executing  VM operation: G1CollectForAllocation done
Event: 25.142 Executing  VM operation: G1Concurrent
Event: 25.146 Executing  VM operation: G1Concurrent done
Event: 25.169 Executing  VM operation: G1Concurrent
Event: 25.169 Executing  VM operation: G1Concurrent done
Event: 25.209 Thread 0x00000191f35a6570 Thread added: 0x00000191f35a6570


Dynamic libraries:
0x00007ff65fcf0000 - 0x00007ff65fd00000 	C:\Program Files\Java\jdk-16.0.2\bin\java.exe
0x00007ffc74120000 - 0x00007ffc74327000 	C:\Windows\SYSTEM32\ntdll.dll
0x00007ffc72cf0000 - 0x00007ffc72dad000 	C:\Windows\System32\KERNEL32.DLL
0x00007ffc71790000 - 0x00007ffc71b02000 	C:\Windows\System32\KERNELBASE.dll
0x00007ffc71b10000 - 0x00007ffc71c21000 	C:\Windows\System32\ucrtbase.dll
0x00007ffc5c8b0000 - 0x00007ffc5c8c9000 	C:\Program Files\Java\jdk-16.0.2\bin\VCRUNTIME140.dll
0x00007ffc53760000 - 0x00007ffc53778000 	C:\Program Files\Java\jdk-16.0.2\bin\jli.dll
0x00007ffc73080000 - 0x00007ffc7312c000 	C:\Windows\System32\ADVAPI32.dll
0x00007ffc73130000 - 0x00007ffc731d3000 	C:\Windows\System32\msvcrt.dll
0x00007ffc73a20000 - 0x00007ffc73abd000 	C:\Windows\System32\sechost.dll
0x00007ffc72e60000 - 0x00007ffc72f81000 	C:\Windows\System32\RPCRT4.dll
0x00007ffc73790000 - 0x00007ffc7393c000 	C:\Windows\System32\USER32.dll
0x00007ffc4dee0000 - 0x00007ffc4e185000 	C:\Windows\WinSxS\amd64_microsoft.windows.common-controls_6595b64144ccf1df_6.0.21996.1_none_7d6b053978bcd706\COMCTL32.dll
0x00007ffc71640000 - 0x00007ffc71666000 	C:\Windows\System32\win32u.dll
0x00007ffc72a00000 - 0x00007ffc72a29000 	C:\Windows\System32\GDI32.dll
0x00007ffc71ed0000 - 0x00007ffc71fe2000 	C:\Windows\System32\gdi32full.dll
0x00007ffc716f0000 - 0x00007ffc7178d000 	C:\Windows\System32\msvcp_win.dll
0x00007ffc6b570000 - 0x00007ffc6b57a000 	C:\Windows\SYSTEM32\VERSION.dll
0x00007ffc72e20000 - 0x00007ffc72e51000 	C:\Windows\System32\IMM32.DLL
0x00007ffc5c8a0000 - 0x00007ffc5c8ac000 	C:\Program Files\Java\jdk-16.0.2\bin\vcruntime140_1.dll
0x00007ffc40290000 - 0x00007ffc40321000 	C:\Program Files\Java\jdk-16.0.2\bin\msvcp140.dll
0x00007ffbf5830000 - 0x00007ffbf63db000 	C:\Program Files\Java\jdk-16.0.2\bin\server\jvm.dll
0x00007ffc733f0000 - 0x00007ffc733f8000 	C:\Windows\System32\PSAPI.DLL
0x00007ffc6c020000 - 0x00007ffc6c029000 	C:\Windows\SYSTEM32\WSOCK32.dll
0x00007ffc68b40000 - 0x00007ffc68b73000 	C:\Windows\SYSTEM32\WINMM.dll
0x00007ffc73ac0000 - 0x00007ffc73b2f000 	C:\Windows\System32\WS2_32.dll
0x00007ffc70770000 - 0x00007ffc70787000 	C:\Windows\SYSTEM32\kernel.appcore.dll
0x00007ffc59ee0000 - 0x00007ffc59eea000 	C:\Program Files\Java\jdk-16.0.2\bin\jimage.dll
0x00007ffc630a0000 - 0x00007ffc632c1000 	C:\Windows\SYSTEM32\DBGHELP.DLL
0x00007ffc5ac30000 - 0x00007ffc5ac61000 	C:\Windows\SYSTEM32\dbgcore.DLL
0x00007ffc71670000 - 0x00007ffc716f0000 	C:\Windows\System32\bcryptPrimitives.dll
0x00007ffc52e70000 - 0x00007ffc52e95000 	C:\Program Files\Java\jdk-16.0.2\bin\java.dll
0x00007ffc72290000 - 0x00007ffc729f9000 	C:\Windows\System32\SHELL32.dll
0x00007ffc6f800000 - 0x00007ffc70058000 	C:\Windows\SYSTEM32\windows.storage.dll
0x00007ffc73410000 - 0x00007ffc73785000 	C:\Windows\System32\combase.dll
0x00007ffc6f690000 - 0x00007ffc6f7f6000 	C:\Windows\SYSTEM32\wintypes.dll
0x00007ffc72c00000 - 0x00007ffc72cea000 	C:\Windows\System32\SHCORE.dll
0x00007ffc731e0000 - 0x00007ffc7323d000 	C:\Windows\System32\shlwapi.dll
0x00007ffc71570000 - 0x00007ffc71591000 	C:\Windows\SYSTEM32\profapi.dll
0x00007ffc52f80000 - 0x00007ffc52f99000 	C:\Program Files\Java\jdk-16.0.2\bin\net.dll
0x00007ffc6beb0000 - 0x00007ffc6bfbc000 	C:\Windows\SYSTEM32\WINHTTP.dll
0x00007ffc70b80000 - 0x00007ffc70be7000 	C:\Windows\system32\mswsock.dll
0x00007ffc52e50000 - 0x00007ffc52e63000 	C:\Program Files\Java\jdk-16.0.2\bin\nio.dll
0x00007ffc52e30000 - 0x00007ffc52e48000 	C:\Program Files\Java\jdk-16.0.2\bin\zip.dll
0x00007ffc58d20000 - 0x00007ffc58d2e000 	C:\Program Files\Java\jdk-16.0.2\bin\sunmscapi.dll
0x00007ffc71cf0000 - 0x00007ffc71e55000 	C:\Windows\System32\CRYPT32.dll
0x00007ffc70f10000 - 0x00007ffc70f38000 	C:\Windows\SYSTEM32\ncrypt.dll
0x00007ffc70ed0000 - 0x00007ffc70f07000 	C:\Windows\SYSTEM32\NTASN1.dll
0x00007ffc70dc0000 - 0x00007ffc70dd8000 	C:\Windows\SYSTEM32\CRYPTSP.dll
0x00007ffc706d0000 - 0x00007ffc70705000 	C:\Windows\system32\rsaenh.dll
0x00007ffc70c70000 - 0x00007ffc70c99000 	C:\Windows\SYSTEM32\USERENV.dll
0x00007ffc70f40000 - 0x00007ffc70f67000 	C:\Windows\SYSTEM32\bcrypt.dll
0x00007ffc70de0000 - 0x00007ffc70dec000 	C:\Windows\SYSTEM32\CRYPTBASE.dll
0x00007ffc702b0000 - 0x00007ffc702dd000 	C:\Windows\SYSTEM32\IPHLPAPI.DLL
0x00007ffc73400000 - 0x00007ffc73409000 	C:\Windows\System32\NSI.dll
0x00007ffc6bd00000 - 0x00007ffc6bd19000 	C:\Windows\SYSTEM32\dhcpcsvc6.DLL
0x00007ffc6c190000 - 0x00007ffc6c1ae000 	C:\Windows\SYSTEM32\dhcpcsvc.DLL
0x00007ffc702e0000 - 0x00007ffc703c5000 	C:\Windows\SYSTEM32\DNSAPI.dll
0x00007ffc53bb0000 - 0x00007ffc53d30000 	C:\Program Files\Java\jdk-16.0.2\bin\awt.dll
0x00007ffc721b0000 - 0x00007ffc72286000 	C:\Windows\System32\OLEAUT32.dll
0x00007ffc6ec40000 - 0x00007ffc6ecd2000 	C:\Windows\SYSTEM32\apphelp.dll
0x00007ffc6f040000 - 0x00007ffc6f070000 	C:\Windows\system32\DWMAPI.DLL
0x00007ffc6edb0000 - 0x00007ffc6ee5c000 	C:\Windows\system32\uxtheme.dll
0x00007ffc5c910000 - 0x00007ffc5c999000 	C:\Program Files\Java\jdk-16.0.2\bin\freetype.dll
0x00007ffc53ab0000 - 0x00007ffc53ba6000 	C:\Program Files\Java\jdk-16.0.2\bin\harfbuzz.dll
0x00007ffc6de60000 - 0x00007ffc6de72000 	C:\Program Files\Java\jdk-16.0.2\bin\fontmanager.dll
0x00007ffc73b30000 - 0x00007ffc73c4e000 	C:\Windows\System32\MSCTF.dll
0x00007ffc72a60000 - 0x00007ffc72bfa000 	C:\Windows\System32\ole32.dll
0x00007ffc5e250000 - 0x00007ffc5e25a000 	C:\Windows\System32\rasadhlp.dll
0x00007ffc69ce0000 - 0x00007ffc69d61000 	C:\Windows\System32\fwpuclnt.dll
0x00007ffc078a0000 - 0x00007ffc08813000 	C:\Users\openo\.skiko\712305302a512d1ca3f888eb4293f95f45e0a349c6dcc14d6a81e0fa809c1042\skiko-windows-x64.dll
0x00007ffc483a0000 - 0x00007ffc484a1000 	C:\Windows\SYSTEM32\OPENGL32.dll
0x00007ffc4f750000 - 0x00007ffc4f77d000 	C:\Windows\SYSTEM32\GLU32.dll
0x00007ffc6eec0000 - 0x00007ffc6eef8000 	C:\Windows\SYSTEM32\dxcore.dll
0x00007ffc21890000 - 0x00007ffc21a36000 	C:\Windows\system32\d3d9.dll
0x00007ffc65f80000 - 0x00007ffc66143000 	C:\Windows\System32\DriverStore\FileRepository\u0369835.inf_amd64_3f3c30a5474a509e\B369111\aticfx64.dll
0x00007ffc5c860000 - 0x00007ffc5c893000 	C:\Windows\System32\DriverStore\FileRepository\u0369835.inf_amd64_3f3c30a5474a509e\B369111\atiu9p64.dll
0x00007ffc05b50000 - 0x00007ffc0689c000 	C:\Windows\System32\DriverStore\FileRepository\u0369835.inf_amd64_3f3c30a5474a509e\B369111\atiumd64.dll
0x0000000059230000 - 0x000000005a0fd000 	C:\Windows\System32\DriverStore\FileRepository\u0369835.inf_amd64_3f3c30a5474a509e\B369111\atiumd6a.dll
0x00007ffc71510000 - 0x00007ffc7155d000 	C:\Windows\SYSTEM32\POWRPROF.dll
0x00007ffc714f0000 - 0x00007ffc71503000 	C:\Windows\SYSTEM32\UMPDC.dll
0x00007ffc661d0000 - 0x00007ffc66200000 	C:\Windows\SYSTEM32\amdihk64.dll
0x00007ffc6be60000 - 0x00007ffc6bea4000 	C:\Windows\SYSTEM32\directxdatabasehelper.dll
0x00007ffc6f070000 - 0x00007ffc6f0a4000 	C:\Windows\SYSTEM32\ntmarta.dll
0x00007ffc6eba0000 - 0x00007ffc6eba6000 	C:\Users\openo\AppData\Local\Temp\flatlaf.temp\flatlaf-windows-x86_64-2569772839486000.dll
0x00007ffc6de50000 - 0x00007ffc6de57000 	C:\Program Files\Java\jdk-16.0.2\bin\jawt.dll
0x00007ffc6ef10000 - 0x00007ffc6f000000 	C:\Windows\SYSTEM32\Dxgi.dll
0x00007ffc5c830000 - 0x00007ffc5c852000 	C:\Windows\SYSTEM32\D3D12.dll
0x00007ffc538a0000 - 0x00007ffc53aa4000 	C:\Windows\SYSTEM32\D3D12Core.dll
0x00007ffc71220000 - 0x00007ffc7126c000 	C:\Windows\SYSTEM32\cfgmgr32.dll
0x00007ffc02dd0000 - 0x00007ffc05b43000 	C:\Windows\System32\DriverStore\FileRepository\u0369835.inf_amd64_3f3c30a5474a509e\B369111\amdxc64.dll
0x00007ffc65160000 - 0x00007ffc6518b000 	C:\Windows\SYSTEM32\D3DSCache.dll
0x00007ffc684a0000 - 0x00007ffc686fe000 	C:\Windows\SYSTEM32\twinapi.appcore.dll
0x00007ffc4d310000 - 0x00007ffc4d56f000 	C:\Windows\SYSTEM32\dwrite.dll
0x00007ffc5df30000 - 0x00007ffc5e05c000 	C:\Windows\SYSTEM32\textinputframework.dll
0x00007ffc6b680000 - 0x00007ffc6b890000 	C:\Windows\SYSTEM32\dcomp.dll
0x00007ffc6dfa0000 - 0x00007ffc6e406000 	C:\Windows\SYSTEM32\d3dcompiler_47.dll
0x00007ffc6e870000 - 0x00007ffc6e99c000 	C:\Windows\SYSTEM32\CoreMessaging.dll
0x00007ffc6add0000 - 0x00007ffc6b13d000 	C:\Windows\SYSTEM32\CoreUIComponents.dll
0x000000006e8c0000 - 0x000000006e8cd000 	C:\Users\openo\AppData\Local\Temp\jogamp_0000\file_cache\jln15675650228481619452\jln8720713754233867324\natives\windows-amd64\gluegen_rt.dll
0x000000006a440000 - 0x000000006a44d000 	C:\Users\openo\AppData\Local\Temp\jogamp_0000\file_cache\jln15675650228481619452\jln8720713754233867324\natives\windows-amd64\nativewindow_awt.dll
0x000000006c100000 - 0x000000006c110000 	C:\Users\openo\AppData\Local\Temp\jogamp_0000\file_cache\jln15675650228481619452\jln8720713754233867324\natives\windows-amd64\nativewindow_win32.dll
0x0000000064500000 - 0x0000000064585000 	C:\Users\openo\AppData\Local\Temp\jogamp_0000\file_cache\jln15675650228481619452\jln8720713754233867324\natives\windows-amd64\jogl_desktop.dll
0x0000000064340000 - 0x0000000064391000 	C:\Users\openo\AppData\Local\Temp\jogamp_0000\file_cache\jln15675650228481619452\jln8720713754233867324\natives\windows-amd64\jogl_mobile.dll
0x00007ffc732d0000 - 0x00007ffc7337f000 	C:\Windows\System32\clbcatq.dll
0x00007ffc6bd20000 - 0x00007ffc6be56000 	C:\Windows\System32\AppXDeploymentClient.dll
0x00007ffc6bb10000 - 0x00007ffc6bcfe000 	C:\Windows\SYSTEM32\urlmon.dll
0x00007ffc6b140000 - 0x00007ffc6b3f2000 	C:\Windows\System32\iertutil.dll
0x00007ffc5c800000 - 0x00007ffc5c82b000 	C:\Windows\System32\DriverStore\FileRepository\u0369835.inf_amd64_3f3c30a5474a509e\B369111\atig6pxx.dll
0x00007ffbfff80000 - 0x00007ffc02dd0000 	C:\Windows\System32\DriverStore\FileRepository\u0369835.inf_amd64_3f3c30a5474a509e\B369111\atio6axx.dll
0x00007ffc63350000 - 0x00007ffc63375000 	C:\Windows\SYSTEM32\dxva2.dll
0x00007ffc73c50000 - 0x00007ffc740bb000 	C:\Windows\System32\SETUPAPI.dll
0x00007ffc597c0000 - 0x00007ffc597fc000 	C:\Windows\System32\DriverStore\FileRepository\u0369835.inf_amd64_3f3c30a5474a509e\B369111\atig6txx.dll
0x00007ffc535a0000 - 0x00007ffc53755000 	C:\Windows\SYSTEM32\atiadlxx.dll
0x00007ffc6db50000 - 0x00007ffc6dc47000 	C:\Windows\SYSTEM32\PROPSYS.dll
0x00007ffc5c670000 - 0x00007ffc5c6bf000 	C:\Windows\SYSTEM32\pdh.dll
0x00007ffc71270000 - 0x00007ffc7129c000 	C:\Windows\SYSTEM32\DEVOBJ.dll
0x00007ffc71e60000 - 0x00007ffc71ec7000 	C:\Windows\System32\WINTRUST.dll
0x00007ffc70e20000 - 0x00007ffc70e32000 	C:\Windows\SYSTEM32\MSASN1.dll
0x00007ffc6c8b0000 - 0x00007ffc6c8c1000 	C:\Program Files\Java\jdk-16.0.2\bin\jsound.dll
0x00007ffc534f0000 - 0x00007ffc53592000 	C:\Windows\SYSTEM32\DSOUND.dll
0x00007ffc5da50000 - 0x00007ffc5da79000 	C:\Windows\SYSTEM32\winmmbase.dll
0x00007ffc53430000 - 0x00007ffc534e1000 	C:\Windows\SYSTEM32\ResampleDmo.DLL
0x00007ffc5cc10000 - 0x00007ffc5cc1b000 	C:\Windows\SYSTEM32\msdmo.dll
0x00007ffc5eb40000 - 0x00007ffc5ebdc000 	C:\Windows\System32\MMDevApi.dll
0x00007ffc3c750000 - 0x00007ffc3c796000 	C:\Windows\SYSTEM32\wdmaud.drv
0x00007ffc4ac80000 - 0x00007ffc4ac89000 	C:\Windows\SYSTEM32\ksuser.dll
0x00007ffc6c000000 - 0x00007ffc6c00b000 	C:\Windows\SYSTEM32\AVRT.dll

dbghelp: loaded successfully - version: 4.0.5 - missing functions: none
symbol engine: initialized successfully - sym options: 0x614 - pdb path: .;C:\Program Files\Java\jdk-16.0.2\bin;C:\Windows\SYSTEM32;C:\Windows\WinSxS\amd64_microsoft.windows.common-controls_6595b64144ccf1df_6.0.21996.1_none_7d6b053978bcd706;C:\Program Files\Java\jdk-16.0.2\bin\server;C:\Users\openo\.skiko\712305302a512d1ca3f888eb4293f95f45e0a349c6dcc14d6a81e0fa809c1042;C:\Windows\System32\DriverStore\FileRepository\u0369835.inf_amd64_3f3c30a5474a509e\B369111;C:\Users\openo\AppData\Local\Temp\flatlaf.temp;C:\Users\openo\AppData\Local\Temp\jogamp_0000\file_cache\jln15675650228481619452\jln8720713754233867324\natives\windows-amd64

VM Arguments:
jvm_args: -Dcompose.application.configure.swing.globals=true -Dcompose.application.resources.dir=C:\repo\meteor-klient\build\compose\tmp\main\resources -Xverify:none --add-exports=java.base/java.lang=ALL-UNNAMED --add-exports=java.desktop/sun.awt=ALL-UNNAMED --add-exports=java.desktop/sun.java2d=ALL-UNNAMED -Dfile.encoding=windows-1252 -Duser.country=US -Duser.language=en -Duser.variant 
java_command: Main
java_class_path (initial): C:\repo\meteor-klient\build\libs\meteor-klient-1.0.36.jar;C:\repo\openosrs-injector\build\injected\injected-klient.jar;C:\Users\openo\.gradle\caches\modules-2\files-2.1\org.apache.logging.log4j\log4j-core\2.14.1\9141212b8507ab50a45525b545b39d224614528b\log4j-core-2.14.1.jar;C:\Users\openo\.gradle\caches\modules-2\files-2.1\com.google.inject\guice\4.1.0\faf9ee8ac09eafd1128091426dd367a8c0085d55\guice-4.1.0-no_aop.jar;C:\repo\runescape-api\build\libs\runescape-api-1.0-SNAPSHOT.jar;C:\repo\http-api\build\libs\http-api-1.0-SNAPSHOT.jar;C:\repo\runelite-api\build\libs\runelite-api-1.0-SNAPSHOT.jar;C:\Users\openo\.gradle\caches\7.3.1\generated-gradle-jars\gradle-api-7.3.1.jar;C:\Users\openo\.gradle\wrapper\dists\gradle-7.3.1-all\1cx39h5havz97e1a3lk0ekaa5\gradle-7.3.1\lib\groovy-3.0.9.jar;C:\Users\openo\.gradle\wrapper\dists\gradle-7.3.1-all\1cx39h5havz97e1a3lk0ekaa5\gradle-7.3.1\lib\groovy-ant-3.0.9.jar;C:\Users\openo\.gradle\wrapper\dists\gradle-7.3.1-all\1cx39h5havz97e1a3lk0ekaa5\gradle-7.3.1\lib\groovy-astbuilder-3.0.9.jar;C:\Users\openo\.gradle\wrapper\dists\gradle-7.3.1-all\1cx39h5havz97e1a3lk0ekaa5\gradle-7.3.1\lib\groovy-console-3.0.9.jar;C:\Users\openo\.gradle\wrapper\dists\gradle-7.3.1-all\1cx39h5havz97e1a3lk0ekaa5\gradle-7.3.1\lib\groovy-datetime-3.0.9.jar;C:\Users\openo\.gradle\wrapper\dists\gradle-7.3.1-all\1cx39h5havz97e1a3lk0ekaa5\gradle-7.3.1\lib\groovy-dateutil-3.0.9.jar;C:\Users\openo\.gradle\wrapper\dists\gradle-7.3.1-all\1cx39h5havz97e1a3lk0ekaa5\gradle-7.3.1\lib\groovy-groovydoc-3.0.9.jar;C:\Users\openo\.gradle\wrapper\dists\gradle-7.3.1-all\1cx39h5havz97e1a3lk0ekaa5\gradle-7.3.1\lib\groovy-json-3.0.9.jar;C:\Users\openo\.gradle\wrapper\dists\gradle-7.3.1-all\1cx39h5havz97e1a3lk0ekaa5\gradle-7.3.1\lib\groovy-nio-3.0.9.jar;C:\Users\openo\.gradle\wrapper\dists\gradle-7.3.1-all\1cx39h5havz97e1a3lk0ekaa5\gradle-7.3.1\lib\groovy-sql-3.0.9.jar;C:\Users\openo\.gradle\wrapper\dists\gradle-7.3.1-all\1cx39h5havz97e1a3lk0ekaa5\gradle-7.
Launcher Type: SUN_STANDARD

[Global flags]
     intx CICompilerCount                          = 4                                         {product} {ergonomic}
     uint ConcGCThreads                            = 2                                         {product} {ergonomic}
     uint G1ConcRefinementThreads                  = 8                                         {product} {ergonomic}
   size_t G1HeapRegionSize                         = 4194304                                   {product} {ergonomic}
    uintx GCDrainStackTargetSize                   = 64                                        {product} {ergonomic}
   size_t InitialHeapSize                          = 503316480                                 {product} {ergonomic}
   size_t MarkStackSize                            = 4194304                                   {product} {ergonomic}
   size_t MaxHeapSize                              = 8032092160                                {product} {ergonomic}
   size_t MaxNewSize                               = 4819255296                                {product} {ergonomic}
   size_t MinHeapDeltaBytes                        = 4194304                                   {product} {ergonomic}
   size_t MinHeapSize                              = 8388608                                   {product} {ergonomic}
    uintx NonNMethodCodeHeapSize                   = 5839372                                {pd product} {ergonomic}
    uintx NonProfiledCodeHeapSize                  = 122909434                              {pd product} {ergonomic}
    uintx ProfiledCodeHeapSize                     = 122909434                              {pd product} {ergonomic}
    uintx ReservedCodeCacheSize                    = 251658240                              {pd product} {ergonomic}
     bool SegmentedCodeCache                       = true                                      {product} {ergonomic}
   size_t SoftMaxHeapSize                          = 8032092160                             {manageable} {ergonomic}
     bool UseCompressedClassPointers               = true                           {product lp64_product} {ergonomic}
     bool UseCompressedOops                        = true                           {product lp64_product} {ergonomic}
     bool UseG1GC                                  = true                                      {product} {ergonomic}
     bool UseLargePagesIndividualAllocation        = false                                  {pd product} {ergonomic}

Logging:
Log output configuration:
 #0: stdout all=warning uptime,level,tags
 #1: stderr all=off uptime,level,tags

Environment Variables:
PATH=C:\Windows\system32;C:\Windows;C:\Windows\System32\Wbem;C:\Windows\System32\WindowsPowerShell\v1.0\;C:\Windows\System32\OpenSSH\;C:\Program Files\Git\cmd;C:\ant\bin;C:\mingw64\bin;C:\CMake\bin;C:\Program Files\Java\jdk-16.0.2\bin;C:\Users\openo\AppData\Local\Microsoft\WindowsApps;
USERNAME=openo
OS=Windows_NT
PROCESSOR_IDENTIFIER=AMD64 Family 23 Model 24 Stepping 1, AuthenticAMD



---------------  S Y S T E M  ---------------

OS:
 Windows 10 , 64 bit Build 21996 (10.0.21996.1)
OS uptime: 2 days 23:23 hours

CPU: total 8 (initial active 8) (8 cores per cpu, 2 threads per core) family 23 model 24 stepping 1 microcode 0x0, cx8, cmov, fxsr, ht, mmx, 3dnowpref, sse, sse2, sse3, ssse3, sse4a, sse4.1, sse4.2, popcnt, lzcnt, tsc, tscinvbit, avx, avx2, aes, clmul, bmi1, bmi2, adx, sha, fma, vzeroupper, clflush, clflushopt

Memory: 4k page, system-wide physical 30629M (15800M free)
TotalPageFile size 35237M (AvailPageFile size 13875M)
current process WorkingSet (physical memory assigned to process): 940M, peak: 940M
current process commit charge ("private bytes"): 1480M, peak: 1481M

vm_info: Java HotSpot(TM) 64-Bit Server VM (16.0.2+7-67) for windows-amd64 JRE (16.0.2+7-67), built on Jun  8 2021 23:24:19 by "mach5one" with MS VC++ 16.7 (VS2019)

END.
